{"numFailedTestSuites":0,"numFailedTests":0,"numPassedTestSuites":6,"numPassedTests":37,"numPendingTestSuites":0,"numPendingTests":0,"numRuntimeErrorTestSuites":0,"numTodoTests":0,"numTotalTestSuites":6,"numTotalTests":37,"openHandles":[],"snapshot":{"added":0,"didUpdate":false,"failure":false,"filesAdded":0,"filesRemoved":0,"filesRemovedList":[],"filesUnmatched":0,"filesUpdated":0,"matched":0,"total":0,"unchecked":0,"uncheckedKeysByFile":[],"unmatched":0,"updated":0},"startTime":1653173814566,"success":true,"testResults":[{"assertionResults":[{"ancestorTitles":["Given a BaseTag component","When it is rendered with default props 'tag'"],"failureMessages":[],"fullName":"Given a BaseTag component When it is rendered with default props 'tag' Then it should render a span element with 'base-tag' class","location":null,"status":"passed","title":"Then it should render a span element with 'base-tag' class"},{"ancestorTitles":["Given a BaseTag component","When it is receives props 'tag' with value 'div'"],"failureMessages":[],"fullName":"Given a BaseTag component When it is receives props 'tag' with value 'div' Then it should render a div element with 'base-tag' class","location":null,"status":"passed","title":"Then it should render a div element with 'base-tag' class"},{"ancestorTitles":["Given a BaseTag component","When it receives a props 'shadow' with true value"],"failureMessages":[],"fullName":"Given a BaseTag component When it receives a props 'shadow' with true value Then it should have class 'shadow'","location":null,"status":"passed","title":"Then it should have class 'shadow'"},{"ancestorTitles":["Given a BaseTag component","When it receives a props 'shadowSize' with value 'sm'"],"failureMessages":[],"fullName":"Given a BaseTag component When it receives a props 'shadowSize' with value 'sm' Then it should have class 'shadow-sm'","location":null,"status":"passed","title":"Then it should have class 'shadow-sm'"},{"ancestorTitles":["Given a BaseTag component","When it receives a props 'shadowSize' with value 'lg'"],"failureMessages":[],"fullName":"Given a BaseTag component When it receives a props 'shadowSize' with value 'lg' Then it should have class 'shadow-lg'","location":null,"status":"passed","title":"Then it should have class 'shadow-lg'"},{"ancestorTitles":["Given a BaseTag component","When it receives a props 'shadowSize' with value 'none'"],"failureMessages":[],"fullName":"Given a BaseTag component When it receives a props 'shadowSize' with value 'none' Then it should have class 'shadow-none'","location":null,"status":"passed","title":"Then it should have class 'shadow-none'"},{"ancestorTitles":["Given a BaseTag component","When it receives a props 'color' with value red"],"failureMessages":[],"fullName":"Given a BaseTag component When it receives a props 'color' with value red Then it should have class 'bg-red'","location":null,"status":"passed","title":"Then it should have class 'bg-red'"}],"endTime":1653173819780,"message":"","name":"C:\\Users\\Aleksandr\\Documents\\WebDev\\jobarcelona22-frontend-vue\\tests\\unit\\BaseTag.spec.ts","startTime":1653173816317,"status":"passed","summary":""},{"assertionResults":[{"ancestorTitles":["Given a HorizontalScroll component","When it is rendered"],"failureMessages":[],"fullName":"Given a HorizontalScroll component When it is rendered Then it should render a <div> container with classes 'horizontal', 'is-mobile'","location":null,"status":"passed","title":"Then it should render a <div> container with classes 'horizontal', 'is-mobile'"},{"ancestorTitles":["Given a HorizontalScroll component","When it receives props with isMobile that has value false"],"failureMessages":[],"fullName":"Given a HorizontalScroll component When it receives props with isMobile that has value false Then it should not contain the class 'is-mobile'","location":null,"status":"passed","title":"Then it should not contain the class 'is-mobile'"},{"ancestorTitles":["Given a HorizontalScroll component","When the component is rendered with slot"],"failureMessages":[],"fullName":"Given a HorizontalScroll component When the component is rendered with slot Then it should contain content from this slot","location":null,"status":"passed","title":"Then it should contain content from this slot"}],"endTime":1653173819781,"message":"","name":"C:\\Users\\Aleksandr\\Documents\\WebDev\\jobarcelona22-frontend-vue\\tests\\unit\\HorizontalScroll.spec.ts","startTime":1653173816321,"status":"passed","summary":""},{"assertionResults":[{"ancestorTitles":["Given a BaseTypography component","When it is rendered with default props 'tag'"],"failureMessages":[],"fullName":"Given a BaseTypography component When it is rendered with default props 'tag' Then it should render a <p> element","location":null,"status":"passed","title":"Then it should render a <p> element"},{"ancestorTitles":["Given a BaseTypography component","When it received props with 'tag' that has value 'h1'"],"failureMessages":[],"fullName":"Given a BaseTypography component When it received props with 'tag' that has value 'h1' Then it should render 'h1' element","location":null,"status":"passed","title":"Then it should render 'h1' element"},{"ancestorTitles":["Given a BaseTypography component","When it received props with 'italic' that has value 'true'"],"failureMessages":[],"fullName":"Given a BaseTypography component When it received props with 'italic' that has value 'true' Then it should have 'italic' class","location":null,"status":"passed","title":"Then it should have 'italic' class"},{"ancestorTitles":["Given a BaseTypography component","When it received props with 'uppercase' that has value 'true'"],"failureMessages":[],"fullName":"Given a BaseTypography component When it received props with 'uppercase' that has value 'true' Then it should have 'uppercase' class","location":null,"status":"passed","title":"Then it should have 'uppercase' class"},{"ancestorTitles":["Given a BaseTypography component","When it received props with user classes 'user-class-1 user-class-2'"],"failureMessages":[],"fullName":"Given a BaseTypography component When it received props with user classes 'user-class-1 user-class-2' Then it should have this classes","location":null,"status":"passed","title":"Then it should have this classes"},{"ancestorTitles":["Given a BaseTypography component","When it receives a props with 'fontWeight' with value 'bold'"],"failureMessages":[],"fullName":"Given a BaseTypography component When it receives a props with 'fontWeight' with value 'bold' Then it should have class 'size-xss'","location":null,"status":"passed","title":"Then it should have class 'size-xss'"},{"ancestorTitles":["Given a BaseTypography component","When it receives a props with 'size' with value 'l'"],"failureMessages":[],"fullName":"Given a BaseTypography component When it receives a props with 'size' with value 'l' Then it should have class 'size-l'","location":null,"status":"passed","title":"Then it should have class 'size-l'"},{"ancestorTitles":["Given a BaseTypography component","When it receives a props with tag, size, italic, uppercase, user class, fontWeight"],"failureMessages":[],"fullName":"Given a BaseTypography component When it receives a props with tag, size, italic, uppercase, user class, fontWeight Then it should have all the classes for this props","location":null,"status":"passed","title":"Then it should have all the classes for this props"}],"endTime":1653173819787,"message":"","name":"C:\\Users\\Aleksandr\\Documents\\WebDev\\jobarcelona22-frontend-vue\\tests\\unit\\BaseTypography.spec.ts","startTime":1653173816321,"status":"passed","summary":""},{"assertionResults":[{"ancestorTitles":["Given a BaseCard Component","When it is rendered"],"failureMessages":[],"fullName":"Given a BaseCard Component When it is rendered Then it should render a div element with '.card' class","location":null,"status":"passed","title":"Then it should render a div element with '.card' class"},{"ancestorTitles":["Given a BaseCard Component","When it receives a props 'hover' with true value"],"failureMessages":[],"fullName":"Given a BaseCard Component When it receives a props 'hover' with true value Then it should have class 'card__card-lift--hover'","location":null,"status":"passed","title":"Then it should have class 'card__card-lift--hover'"},{"ancestorTitles":["Given a BaseCard Component","When it receives a props 'shadow' with true value"],"failureMessages":[],"fullName":"Given a BaseCard Component When it receives a props 'shadow' with true value Then it should have class 'shadow'","location":null,"status":"passed","title":"Then it should have class 'shadow'"},{"ancestorTitles":["Given a BaseCard Component","When it receives a props 'shadowSize' with value 'sm'"],"failureMessages":[],"fullName":"Given a BaseCard Component When it receives a props 'shadowSize' with value 'sm' Then it should have class 'shadow-sm'","location":null,"status":"passed","title":"Then it should have class 'shadow-sm'"},{"ancestorTitles":["Given a BaseCard Component","When it receives a props 'shadowSize' with value 'lg'"],"failureMessages":[],"fullName":"Given a BaseCard Component When it receives a props 'shadowSize' with value 'lg' Then it should have class 'shadow-lg'","location":null,"status":"passed","title":"Then it should have class 'shadow-lg'"},{"ancestorTitles":["Given a BaseCard Component","When it receives a props 'shadowSize' with value 'none'"],"failureMessages":[],"fullName":"Given a BaseCard Component When it receives a props 'shadowSize' with value 'none' Then it should have class 'shadow-none'","location":null,"status":"passed","title":"Then it should have class 'shadow-none'"},{"ancestorTitles":["Given a BaseCard Component","When the component is rendered with v-slot:header"],"failureMessages":[],"fullName":"Given a BaseCard Component When the component is rendered with v-slot:header Then it should have class 'card__header'","location":null,"status":"passed","title":"Then it should have class 'card__header'"},{"ancestorTitles":["Given a BaseCard Component","When the component is rendered with v-slot:header"],"failureMessages":[],"fullName":"Given a BaseCard Component When the component is rendered with v-slot:header Then it should render an element inside this slot","location":null,"status":"passed","title":"Then it should render an element inside this slot"},{"ancestorTitles":["Given a BaseCard Component","When the component is rendered with v-slot:body"],"failureMessages":[],"fullName":"Given a BaseCard Component When the component is rendered with v-slot:body Then it should have class 'card__body'","location":null,"status":"passed","title":"Then it should have class 'card__body'"},{"ancestorTitles":["Given a BaseCard Component","When the component is rendered with v-slot:body"],"failureMessages":[],"fullName":"Given a BaseCard Component When the component is rendered with v-slot:body Then it should render an element inside this slot","location":null,"status":"passed","title":"Then it should render an element inside this slot"},{"ancestorTitles":["Given a BaseCard Component","When the component is rendered with v-slot:tags"],"failureMessages":[],"fullName":"Given a BaseCard Component When the component is rendered with v-slot:tags Then it should have class 'card__tags'","location":null,"status":"passed","title":"Then it should have class 'card__tags'"},{"ancestorTitles":["Given a BaseCard Component","When the component is rendered with v-slot:tags"],"failureMessages":[],"fullName":"Given a BaseCard Component When the component is rendered with v-slot:tags Then it should render an element inside this slot","location":null,"status":"passed","title":"Then it should render an element inside this slot"},{"ancestorTitles":["Given a BaseCard Component","When an user click on card"],"failureMessages":[],"fullName":"Given a BaseCard Component When an user click on card Then it should invoke handleOnClick function","location":null,"status":"passed","title":"Then it should invoke handleOnClick function"},{"ancestorTitles":["Given a BaseCard Component","When an user press a key on card"],"failureMessages":[],"fullName":"Given a BaseCard Component When an user press a key on card Then it should invoke handleKeyDown function","location":null,"status":"passed","title":"Then it should invoke handleKeyDown function"}],"endTime":1653173819841,"message":"","name":"C:\\Users\\Aleksandr\\Documents\\WebDev\\jobarcelona22-frontend-vue\\tests\\unit\\BaseCard.spec.ts","startTime":1653173816308,"status":"passed","summary":""},{"assertionResults":[{"ancestorTitles":["Given a GiftCard component","When it is rendered"],"failureMessages":[],"fullName":"Given a GiftCard component When it is rendered Then it should render card with group name, description, tags received with props","location":null,"status":"passed","title":"Then it should render card with group name, description, tags received with props"},{"ancestorTitles":["Given a GiftCard component","When an user click on it"],"failureMessages":[],"fullName":"Given a GiftCard component When an user click on it Then it should dispatch action from store","location":null,"status":"passed","title":"Then it should dispatch action from store"}],"endTime":1653173820873,"message":"","name":"C:\\Users\\Aleksandr\\Documents\\WebDev\\jobarcelona22-frontend-vue\\tests\\unit\\GiftCard.spec.ts","startTime":1653173816306,"status":"passed","summary":""},{"assertionResults":[{"ancestorTitles":["Given a CardList component","When it is rendered"],"failureMessages":[],"fullName":"Given a CardList component When it is rendered Then it should render the header","location":null,"status":"passed","title":"Then it should render the header"},{"ancestorTitles":["Given a CardList component","When it is rendered"],"failureMessages":[],"fullName":"Given a CardList component When it is rendered Then it should render HorizontalScroll component","location":null,"status":"passed","title":"Then it should render HorizontalScroll component"},{"ancestorTitles":["Given a CardList component","When it is rendered"],"failureMessages":[],"fullName":"Given a CardList component When it is rendered Then it should render all the cards from state","location":null,"status":"passed","title":"Then it should render all the cards from state"}],"endTime":1653173820932,"message":"","name":"C:\\Users\\Aleksandr\\Documents\\WebDev\\jobarcelona22-frontend-vue\\tests\\unit\\CardList.spec.ts","startTime":1653173816318,"status":"passed","summary":""}],"wasInterrupted":false,"coverageMap":{"C:\\Users\\Aleksandr\\Documents\\WebDev\\jobarcelona22-frontend-vue\\src\\components\\atoms\\BaseTag.vue":{"path":"C:\\Users\\Aleksandr\\Documents\\WebDev\\jobarcelona22-frontend-vue\\src\\components\\atoms\\BaseTag.vue","statementMap":{"0":{"start":{"line":16,"column":0},"end":{"line":16,"column":null}},"1":{"start":{"line":33,"column":15},"end":{"line":33,"column":31}}},"fnMap":{},"branchMap":{},"s":{"0":3,"1":3},"f":{},"b":{}},"C:\\Users\\Aleksandr\\Documents\\WebDev\\jobarcelona22-frontend-vue\\src\\components\\atoms\\HorizontalScroll.vue":{"path":"C:\\Users\\Aleksandr\\Documents\\WebDev\\jobarcelona22-frontend-vue\\src\\components\\atoms\\HorizontalScroll.vue","statementMap":{"0":{"start":{"line":15,"column":0},"end":{"line":15,"column":null}},"1":{"start":{"line":16,"column":0},"end":{"line":16,"column":null}},"2":{"start":{"line":26,"column":15},"end":{"line":26,"column":31}}},"fnMap":{},"branchMap":{},"s":{"0":2,"1":2,"2":2},"f":{},"b":{}},"C:\\Users\\Aleksandr\\Documents\\WebDev\\jobarcelona22-frontend-vue\\src\\components\\atoms\\BaseTypography.vue":{"path":"C:\\Users\\Aleksandr\\Documents\\WebDev\\jobarcelona22-frontend-vue\\src\\components\\atoms\\BaseTypography.vue","statementMap":{"0":{"start":{"line":8,"column":0},"end":{"line":8,"column":null}},"1":{"start":{"line":18,"column":15},"end":{"line":18,"column":31}},"2":{"start":{"line":53,"column":20},"end":{"line":53,"column":null}},"3":{"start":{"line":55,"column":8},"end":{"line":55,"column":11}},"4":{"start":{"line":62,"column":4},"end":{"line":62,"column":11}}},"fnMap":{"0":{"name":"(anonymous_0)","decl":{"start":{"line":52,"column":7},"end":{"line":52,"column":8}},"loc":{"start":{"line":52,"column":13},"end":{"line":63,"column":null}}},"1":{"name":"(anonymous_1)","decl":{"start":{"line":54,"column":6},"end":{"line":54,"column":null}},"loc":{"start":{"line":54,"column":6},"end":{"line":59,"column":null}}}},"branchMap":{"0":{"loc":{"start":{"line":55,"column":30},"end":{"line":55,"column":31}},"type":"cond-expr","locations":[{"start":{"line":55,"column":30},"end":{"line":55,"column":31}},{"start":{"line":55,"column":63},"end":{"line":55,"column":65}}]},"1":{"loc":{"start":{"line":57,"column":26},"end":{"line":57,"column":38}},"type":"cond-expr","locations":[{"start":{"line":57,"column":26},"end":{"line":57,"column":38}},{"start":{"line":57,"column":38},"end":{"line":57,"column":null}}]},"2":{"loc":{"start":{"line":58,"column":29},"end":{"line":58,"column":44}},"type":"cond-expr","locations":[{"start":{"line":58,"column":29},"end":{"line":58,"column":44}},{"start":{"line":58,"column":44},"end":{"line":58,"column":null}}]},"3":{"loc":{"start":{"line":59,"column":24},"end":{"line":59,"column":25}},"type":"cond-expr","locations":[{"start":{"line":59,"column":24},"end":{"line":59,"column":25}},{"start":{"line":59,"column":49},"end":{"line":59,"column":53}}]}},"s":{"0":3,"1":3,"2":27,"3":27,"4":27},"f":{"0":27,"1":27},"b":{"0":[27,0],"1":[2,25],"2":[10,17],"3":[21,6]}},"C:\\Users\\Aleksandr\\Documents\\WebDev\\jobarcelona22-frontend-vue\\src\\components\\atoms\\BaseCard.vue":{"path":"C:\\Users\\Aleksandr\\Documents\\WebDev\\jobarcelona22-frontend-vue\\src\\components\\atoms\\BaseCard.vue","statementMap":{"0":{"start":{"line":25,"column":0},"end":{"line":25,"column":null}},"1":{"start":{"line":37,"column":15},"end":{"line":37,"column":31}},"2":{"start":{"line":69,"column":6},"end":{"line":69,"column":11}},"3":{"start":{"line":72,"column":6},"end":{"line":74,"column":null}},"4":{"start":{"line":73,"column":8},"end":{"line":73,"column":13}}},"fnMap":{"0":{"name":"(anonymous_0)","decl":{"start":{"line":68,"column":17},"end":{"line":68,"column":null}},"loc":{"start":{"line":68,"column":17},"end":{"line":70,"column":null}}},"1":{"name":"(anonymous_1)","decl":{"start":{"line":71,"column":4},"end":{"line":71,"column":17}},"loc":{"start":{"line":71,"column":38},"end":{"line":75,"column":null}}}},"branchMap":{"0":{"loc":{"start":{"line":72,"column":6},"end":{"line":74,"column":null}},"type":"if","locations":[{"start":{"line":72,"column":6},"end":{"line":74,"column":null}},{"start":{"line":72,"column":6},"end":{"line":74,"column":null}}]}},"s":{"0":3,"1":3,"2":2,"3":1,"4":1},"f":{"0":2,"1":1},"b":{"0":[1,0]}},"C:\\Users\\Aleksandr\\Documents\\WebDev\\jobarcelona22-frontend-vue\\src\\components\\molecules\\GiftCard.vue":{"path":"C:\\Users\\Aleksandr\\Documents\\WebDev\\jobarcelona22-frontend-vue\\src\\components\\molecules\\GiftCard.vue","statementMap":{"0":{"start":{"line":29,"column":0},"end":{"line":29,"column":null}},"1":{"start":{"line":30,"column":0},"end":{"line":30,"column":null}},"2":{"start":{"line":31,"column":0},"end":{"line":31,"column":null}},"3":{"start":{"line":33,"column":0},"end":{"line":33,"column":null}},"4":{"start":{"line":34,"column":0},"end":{"line":34,"column":null}},"5":{"start":{"line":48,"column":15},"end":{"line":48,"column":31}},"6":{"start":{"line":74,"column":6},"end":{"line":74,"column":11}}},"fnMap":{"0":{"name":"(anonymous_0)","decl":{"start":{"line":51,"column":7},"end":{"line":51,"column":null}},"loc":{"start":{"line":51,"column":7},"end":{"line":54,"column":null}}},"1":{"name":"(anonymous_1)","decl":{"start":{"line":73,"column":17},"end":{"line":73,"column":null}},"loc":{"start":{"line":73,"column":17},"end":{"line":75,"column":null}}}},"branchMap":{},"s":{"0":2,"1":2,"2":2,"3":2,"4":2,"5":2,"6":1},"f":{"0":8,"1":1},"b":{}},"C:\\Users\\Aleksandr\\Documents\\WebDev\\jobarcelona22-frontend-vue\\src\\components\\organisms\\CardList.vue":{"path":"C:\\Users\\Aleksandr\\Documents\\WebDev\\jobarcelona22-frontend-vue\\src\\components\\organisms\\CardList.vue","statementMap":{"0":{"start":{"line":17,"column":0},"end":{"line":17,"column":null}},"1":{"start":{"line":18,"column":0},"end":{"line":18,"column":null}},"2":{"start":{"line":19,"column":0},"end":{"line":19,"column":null}},"3":{"start":{"line":20,"column":0},"end":{"line":20,"column":null}},"4":{"start":{"line":21,"column":0},"end":{"line":21,"column":null}},"5":{"start":{"line":22,"column":0},"end":{"line":22,"column":null}},"6":{"start":{"line":36,"column":15},"end":{"line":36,"column":31}},"7":{"start":{"line":41,"column":32},"end":{"line":41,"column":null}},"8":{"start":{"line":41,"column":17},"end":{"line":41,"column":19}},"9":{"start":{"line":41,"column":27},"end":{"line":41,"column":32}},"10":{"start":{"line":42,"column":37},"end":{"line":42,"column":null}},"11":{"start":{"line":43,"column":42},"end":{"line":43,"column":51}},"12":{"start":{"line":43,"column":57},"end":{"line":43,"column":62}},"13":{"start":{"line":45,"column":4},"end":{"line":45,"column":14}},"14":{"start":{"line":46,"column":6},"end":{"line":46,"column":14}},"15":{"start":{"line":49,"column":4},"end":{"line":49,"column":11}}},"fnMap":{"0":{"name":"(anonymous_0)","decl":{"start":{"line":40,"column":2},"end":{"line":40,"column":7}},"loc":{"start":{"line":40,"column":2},"end":{"line":53,"column":null}}},"1":{"name":"(anonymous_1)","decl":{"start":{"line":43,"column":51},"end":{"line":43,"column":57}},"loc":{"start":{"line":43,"column":51},"end":{"line":43,"column":null}}},"2":{"name":"(anonymous_2)","decl":{"start":{"line":45,"column":14},"end":{"line":45,"column":null}},"loc":{"start":{"line":45,"column":14},"end":{"line":47,"column":null}}}},"branchMap":{},"s":{"0":1,"1":1,"2":1,"3":1,"4":1,"5":1,"6":1,"7":3,"8":3,"9":3,"10":3,"11":3,"12":3,"13":3,"14":3,"15":3},"f":{"0":3,"1":3,"2":3},"b":{}},"C:\\Users\\Aleksandr\\Documents\\WebDev\\jobarcelona22-frontend-vue\\src\\composables\\useBreakpoints.ts":{"path":"C:\\Users\\Aleksandr\\Documents\\WebDev\\jobarcelona22-frontend-vue\\src\\composables\\useBreakpoints.ts","statementMap":{"0":{"start":{"line":1,"column":0},"end":{"line":1,"column":null}},"1":{"start":{"line":11,"column":22},"end":{"line":11,"column":26}},"2":{"start":{"line":14,"column":4},"end":{"line":14,"column":15}},"3":{"start":{"line":16,"column":2},"end":{"line":16,"column":12}},"4":{"start":{"line":16,"column":18},"end":{"line":16,"column":24}},"5":{"start":{"line":17,"column":2},"end":{"line":17,"column":14}},"6":{"start":{"line":17,"column":20},"end":{"line":17,"column":26}},"7":{"start":{"line":19,"column":21},"end":{"line":19,"column":30}},"8":{"start":{"line":20,"column":4},"end":{"line":20,"column":40}},"9":{"start":{"line":20,"column":33},"end":{"line":20,"column":40}},"10":{"start":{"line":21,"column":4},"end":{"line":21,"column":40}},"11":{"start":{"line":21,"column":33},"end":{"line":21,"column":40}},"12":{"start":{"line":22,"column":4},"end":{"line":22,"column":40}},"13":{"start":{"line":22,"column":33},"end":{"line":22,"column":40}},"14":{"start":{"line":23,"column":4},"end":{"line":23,"column":41}},"15":{"start":{"line":23,"column":34},"end":{"line":23,"column":41}},"16":{"start":{"line":24,"column":4},"end":{"line":24,"column":41}},"17":{"start":{"line":24,"column":34},"end":{"line":24,"column":41}},"18":{"start":{"line":25,"column":4},"end":{"line":25,"column":11}},"19":{"start":{"line":28,"column":16},"end":{"line":28,"column":25}},"20":{"start":{"line":28,"column":31},"end":{"line":28,"column":null}},"21":{"start":{"line":30,"column":30},"end":{"line":30,"column":39}},"22":{"start":{"line":30,"column":45},"end":{"line":30,"column":46}},"23":{"start":{"line":32,"column":31},"end":{"line":32,"column":40}},"24":{"start":{"line":32,"column":46},"end":{"line":32,"column":47}},"25":{"start":{"line":34,"column":30},"end":{"line":34,"column":39}},"26":{"start":{"line":34,"column":45},"end":{"line":34,"column":46}},"27":{"start":{"line":36,"column":2},"end":{"line":36,"column":9}}},"fnMap":{"0":{"name":"useBreakpoints","decl":{"start":{"line":10,"column":24},"end":{"line":10,"column":38}},"loc":{"start":{"line":10,"column":38},"end":{"line":43,"column":null}}},"1":{"name":"onWidthChange","decl":{"start":{"line":13,"column":11},"end":{"line":13,"column":24}},"loc":{"start":{"line":13,"column":24},"end":{"line":15,"column":null}}},"2":{"name":"(anonymous_2)","decl":{"start":{"line":16,"column":12},"end":{"line":16,"column":18}},"loc":{"start":{"line":16,"column":18},"end":{"line":16,"column":24}}},"3":{"name":"(anonymous_3)","decl":{"start":{"line":17,"column":14},"end":{"line":17,"column":20}},"loc":{"start":{"line":17,"column":20},"end":{"line":17,"column":26}}},"4":{"name":"(anonymous_4)","decl":{"start":{"line":19,"column":30},"end":{"line":19,"column":35}},"loc":{"start":{"line":19,"column":35},"end":{"line":26,"column":null}}},"5":{"name":"(anonymous_5)","decl":{"start":{"line":28,"column":25},"end":{"line":28,"column":31}},"loc":{"start":{"line":28,"column":31},"end":{"line":28,"column":null}}},"6":{"name":"(anonymous_6)","decl":{"start":{"line":30,"column":39},"end":{"line":30,"column":45}},"loc":{"start":{"line":30,"column":45},"end":{"line":30,"column":46}}},"7":{"name":"(anonymous_7)","decl":{"start":{"line":32,"column":40},"end":{"line":32,"column":46}},"loc":{"start":{"line":32,"column":46},"end":{"line":32,"column":47}}},"8":{"name":"(anonymous_8)","decl":{"start":{"line":34,"column":39},"end":{"line":34,"column":45}},"loc":{"start":{"line":34,"column":45},"end":{"line":34,"column":46}}}},"branchMap":{"0":{"loc":{"start":{"line":20,"column":4},"end":{"line":20,"column":40}},"type":"if","locations":[{"start":{"line":20,"column":4},"end":{"line":20,"column":40}},{"start":{"line":20,"column":4},"end":{"line":20,"column":40}}]},"1":{"loc":{"start":{"line":21,"column":4},"end":{"line":21,"column":40}},"type":"if","locations":[{"start":{"line":21,"column":4},"end":{"line":21,"column":40}},{"start":{"line":21,"column":4},"end":{"line":21,"column":40}}]},"2":{"loc":{"start":{"line":22,"column":4},"end":{"line":22,"column":40}},"type":"if","locations":[{"start":{"line":22,"column":4},"end":{"line":22,"column":40}},{"start":{"line":22,"column":4},"end":{"line":22,"column":40}}]},"3":{"loc":{"start":{"line":23,"column":4},"end":{"line":23,"column":41}},"type":"if","locations":[{"start":{"line":23,"column":4},"end":{"line":23,"column":41}},{"start":{"line":23,"column":4},"end":{"line":23,"column":41}}]},"4":{"loc":{"start":{"line":24,"column":4},"end":{"line":24,"column":41}},"type":"if","locations":[{"start":{"line":24,"column":4},"end":{"line":24,"column":41}},{"start":{"line":24,"column":4},"end":{"line":24,"column":41}}]}},"s":{"0":1,"1":3,"2":0,"3":3,"4":3,"5":3,"6":3,"7":3,"8":3,"9":0,"10":3,"11":0,"12":3,"13":0,"14":3,"15":0,"16":3,"17":3,"18":0,"19":3,"20":0,"21":3,"22":0,"23":3,"24":3,"25":3,"26":0,"27":3},"f":{"0":3,"1":0,"2":3,"3":3,"4":3,"5":0,"6":0,"7":3,"8":0},"b":{"0":[0,3],"1":[0,3],"2":[0,3],"3":[0,3],"4":[3,0]}},"C:\\Users\\Aleksandr\\Documents\\WebDev\\jobarcelona22-frontend-vue\\src\\components\\molecules\\GiftCard.stories.js":{"data":{"path":"C:\\Users\\Aleksandr\\Documents\\WebDev\\jobarcelona22-frontend-vue\\src\\components\\molecules\\GiftCard.stories.js","statementMap":{"0":{"start":{"line":25,"column":17},"end":{"line":34,"column":2}},"1":{"start":{"line":25,"column":28},"end":{"line":34,"column":1}},"2":{"start":{"line":28,"column":4},"end":{"line":31,"column":6}},"3":{"start":{"line":36,"column":33},"end":{"line":36,"column":50}},"4":{"start":{"line":37,"column":0},"end":{"line":41,"column":2}}},"fnMap":{"0":{"name":"(anonymous_0)","decl":{"start":{"line":25,"column":17},"end":{"line":25,"column":18}},"loc":{"start":{"line":25,"column":28},"end":{"line":34,"column":1}},"line":25},"1":{"name":"(anonymous_1)","decl":{"start":{"line":27,"column":2},"end":{"line":27,"column":3}},"loc":{"start":{"line":27,"column":10},"end":{"line":32,"column":3}},"line":27}},"branchMap":{},"s":{"0":0,"1":0,"2":0,"3":0,"4":0},"f":{"0":0,"1":0},"b":{},"hash":"b127fdbf27fdf9c100fc49daf14371d6fb50fd02"}},"C:\\Users\\Aleksandr\\Documents\\WebDev\\jobarcelona22-frontend-vue\\src\\components\\atoms\\HorizontalScroll.stories.js":{"data":{"path":"C:\\Users\\Aleksandr\\Documents\\WebDev\\jobarcelona22-frontend-vue\\src\\components\\atoms\\HorizontalScroll.stories.js","statementMap":{"0":{"start":{"line":17,"column":17},"end":{"line":31,"column":2}},"1":{"start":{"line":17,"column":28},"end":{"line":31,"column":1}},"2":{"start":{"line":20,"column":4},"end":{"line":22,"column":6}},"3":{"start":{"line":33,"column":34},"end":{"line":33,"column":51}},"4":{"start":{"line":34,"column":0},"end":{"line":34,"column":46}},"5":{"start":{"line":36,"column":38},"end":{"line":36,"column":55}},"6":{"start":{"line":37,"column":0},"end":{"line":37,"column":49}}},"fnMap":{"0":{"name":"(anonymous_0)","decl":{"start":{"line":17,"column":17},"end":{"line":17,"column":18}},"loc":{"start":{"line":17,"column":28},"end":{"line":31,"column":1}},"line":17},"1":{"name":"(anonymous_1)","decl":{"start":{"line":19,"column":2},"end":{"line":19,"column":3}},"loc":{"start":{"line":19,"column":10},"end":{"line":23,"column":3}},"line":19}},"branchMap":{},"s":{"0":0,"1":0,"2":0,"3":0,"4":0,"5":0,"6":0},"f":{"0":0,"1":0},"b":{},"hash":"e6fc3d7153bce9009abb72eeb8377978d4d8d55f"}},"C:\\Users\\Aleksandr\\Documents\\WebDev\\jobarcelona22-frontend-vue\\src\\components\\organisms\\CardList.stories.js":{"data":{"path":"C:\\Users\\Aleksandr\\Documents\\WebDev\\jobarcelona22-frontend-vue\\src\\components\\organisms\\CardList.stories.js","statementMap":{"0":{"start":{"line":24,"column":17},"end":{"line":43,"column":2}},"1":{"start":{"line":24,"column":28},"end":{"line":43,"column":1}},"2":{"start":{"line":27,"column":4},"end":{"line":27,"column":20}},"3":{"start":{"line":45,"column":33},"end":{"line":45,"column":50}},"4":{"start":{"line":46,"column":0},"end":{"line":81,"column":2}}},"fnMap":{"0":{"name":"(anonymous_0)","decl":{"start":{"line":24,"column":17},"end":{"line":24,"column":18}},"loc":{"start":{"line":24,"column":28},"end":{"line":43,"column":1}},"line":24},"1":{"name":"(anonymous_1)","decl":{"start":{"line":26,"column":2},"end":{"line":26,"column":3}},"loc":{"start":{"line":26,"column":10},"end":{"line":28,"column":3}},"line":26}},"branchMap":{},"s":{"0":0,"1":0,"2":0,"3":0,"4":0},"f":{"0":0,"1":0},"b":{},"hash":"11c79ded113f7bb2ab7d287682e13e786f41509f"}},"C:\\Users\\Aleksandr\\Documents\\WebDev\\jobarcelona22-frontend-vue\\src\\components\\atoms\\BaseCard.stories.js":{"data":{"path":"C:\\Users\\Aleksandr\\Documents\\WebDev\\jobarcelona22-frontend-vue\\src\\components\\atoms\\BaseCard.stories.js","statementMap":{"0":{"start":{"line":41,"column":17},"end":{"line":50,"column":2}},"1":{"start":{"line":41,"column":28},"end":{"line":50,"column":1}},"2":{"start":{"line":44,"column":4},"end":{"line":47,"column":6}},"3":{"start":{"line":52,"column":21},"end":{"line":52,"column":38}},"4":{"start":{"line":53,"column":0},"end":{"line":55,"column":2}},"5":{"start":{"line":57,"column":22},"end":{"line":57,"column":39}},"6":{"start":{"line":58,"column":0},"end":{"line":60,"column":2}},"7":{"start":{"line":62,"column":24},"end":{"line":62,"column":41}},"8":{"start":{"line":63,"column":0},"end":{"line":65,"column":2}},"9":{"start":{"line":67,"column":24},"end":{"line":67,"column":41}},"10":{"start":{"line":68,"column":0},"end":{"line":70,"column":2}},"11":{"start":{"line":72,"column":26},"end":{"line":72,"column":43}},"12":{"start":{"line":73,"column":0},"end":{"line":75,"column":2}},"13":{"start":{"line":77,"column":29},"end":{"line":77,"column":46}},"14":{"start":{"line":78,"column":0},"end":{"line":82,"column":2}}},"fnMap":{"0":{"name":"(anonymous_0)","decl":{"start":{"line":41,"column":17},"end":{"line":41,"column":18}},"loc":{"start":{"line":41,"column":28},"end":{"line":50,"column":1}},"line":41},"1":{"name":"(anonymous_1)","decl":{"start":{"line":43,"column":2},"end":{"line":43,"column":3}},"loc":{"start":{"line":43,"column":10},"end":{"line":48,"column":3}},"line":43}},"branchMap":{"0":{"loc":{"start":{"line":49,"column":58},"end":{"line":49,"column":74}},"type":"binary-expr","locations":[{"start":{"line":49,"column":58},"end":{"line":49,"column":68}},{"start":{"line":49,"column":72},"end":{"line":49,"column":74}}],"line":49}},"s":{"0":0,"1":0,"2":0,"3":0,"4":0,"5":0,"6":0,"7":0,"8":0,"9":0,"10":0,"11":0,"12":0,"13":0,"14":0},"f":{"0":0,"1":0},"b":{"0":[0,0]},"hash":"548f39aca192f3e87963084e4ca618883574d9da"}},"C:\\Users\\Aleksandr\\Documents\\WebDev\\jobarcelona22-frontend-vue\\src\\components\\atoms\\BaseTag.stories.js":{"data":{"path":"C:\\Users\\Aleksandr\\Documents\\WebDev\\jobarcelona22-frontend-vue\\src\\components\\atoms\\BaseTag.stories.js","statementMap":{"0":{"start":{"line":31,"column":17},"end":{"line":38,"column":2}},"1":{"start":{"line":31,"column":28},"end":{"line":38,"column":1}},"2":{"start":{"line":34,"column":4},"end":{"line":34,"column":20}},"3":{"start":{"line":40,"column":26},"end":{"line":40,"column":43}},"4":{"start":{"line":41,"column":0},"end":{"line":41,"column":21}},"5":{"start":{"line":43,"column":29},"end":{"line":43,"column":46}},"6":{"start":{"line":44,"column":0},"end":{"line":47,"column":2}},"7":{"start":{"line":49,"column":30},"end":{"line":49,"column":47}},"8":{"start":{"line":50,"column":0},"end":{"line":53,"column":2}},"9":{"start":{"line":55,"column":32},"end":{"line":55,"column":49}},"10":{"start":{"line":56,"column":0},"end":{"line":59,"column":2}},"11":{"start":{"line":61,"column":32},"end":{"line":61,"column":49}},"12":{"start":{"line":62,"column":0},"end":{"line":65,"column":2}}},"fnMap":{"0":{"name":"(anonymous_0)","decl":{"start":{"line":31,"column":17},"end":{"line":31,"column":18}},"loc":{"start":{"line":31,"column":28},"end":{"line":38,"column":1}},"line":31},"1":{"name":"(anonymous_1)","decl":{"start":{"line":33,"column":2},"end":{"line":33,"column":3}},"loc":{"start":{"line":33,"column":10},"end":{"line":35,"column":3}},"line":33}},"branchMap":{"0":{"loc":{"start":{"line":37,"column":43},"end":{"line":37,"column":71}},"type":"cond-expr","locations":[{"start":{"line":37,"column":54},"end":{"line":37,"column":62}},{"start":{"line":37,"column":65},"end":{"line":37,"column":71}}],"line":37}},"s":{"0":0,"1":0,"2":0,"3":0,"4":0,"5":0,"6":0,"7":0,"8":0,"9":0,"10":0,"11":0,"12":0},"f":{"0":0,"1":0},"b":{"0":[0,0]},"hash":"9a39b37b158dfd74dff79954af7c7e5185065884"}},"C:\\Users\\Aleksandr\\Documents\\WebDev\\jobarcelona22-frontend-vue\\src\\components\\atoms\\BaseTypography.stories.js":{"data":{"path":"C:\\Users\\Aleksandr\\Documents\\WebDev\\jobarcelona22-frontend-vue\\src\\components\\atoms\\BaseTypography.stories.js","statementMap":{"0":{"start":{"line":43,"column":17},"end":{"line":52,"column":2}},"1":{"start":{"line":43,"column":28},"end":{"line":52,"column":1}},"2":{"start":{"line":46,"column":4},"end":{"line":46,"column":20}},"3":{"start":{"line":54,"column":18},"end":{"line":54,"column":35}},"4":{"start":{"line":55,"column":0},"end":{"line":55,"column":24}},"5":{"start":{"line":56,"column":0},"end":{"line":56,"column":20}},"6":{"start":{"line":58,"column":18},"end":{"line":58,"column":35}},"7":{"start":{"line":59,"column":0},"end":{"line":59,"column":24}},"8":{"start":{"line":60,"column":0},"end":{"line":60,"column":20}},"9":{"start":{"line":62,"column":18},"end":{"line":62,"column":35}},"10":{"start":{"line":63,"column":0},"end":{"line":63,"column":24}},"11":{"start":{"line":64,"column":0},"end":{"line":64,"column":20}},"12":{"start":{"line":66,"column":18},"end":{"line":66,"column":35}},"13":{"start":{"line":67,"column":0},"end":{"line":67,"column":24}},"14":{"start":{"line":68,"column":0},"end":{"line":68,"column":20}},"15":{"start":{"line":70,"column":18},"end":{"line":70,"column":35}},"16":{"start":{"line":71,"column":0},"end":{"line":71,"column":24}},"17":{"start":{"line":72,"column":0},"end":{"line":72,"column":20}},"18":{"start":{"line":74,"column":18},"end":{"line":74,"column":35}},"19":{"start":{"line":75,"column":0},"end":{"line":75,"column":24}},"20":{"start":{"line":76,"column":0},"end":{"line":76,"column":20}},"21":{"start":{"line":78,"column":17},"end":{"line":78,"column":34}},"22":{"start":{"line":79,"column":0},"end":{"line":79,"column":22}},"23":{"start":{"line":80,"column":0},"end":{"line":80,"column":18}}},"fnMap":{"0":{"name":"(anonymous_0)","decl":{"start":{"line":43,"column":17},"end":{"line":43,"column":18}},"loc":{"start":{"line":43,"column":28},"end":{"line":52,"column":1}},"line":43},"1":{"name":"(anonymous_1)","decl":{"start":{"line":45,"column":2},"end":{"line":45,"column":3}},"loc":{"start":{"line":45,"column":10},"end":{"line":47,"column":3}},"line":45}},"branchMap":{"0":{"loc":{"start":{"line":50,"column":37},"end":{"line":50,"column":70}},"type":"cond-expr","locations":[{"start":{"line":50,"column":49},"end":{"line":50,"column":58}},{"start":{"line":50,"column":61},"end":{"line":50,"column":70}}],"line":50}},"s":{"0":0,"1":0,"2":0,"3":0,"4":0,"5":0,"6":0,"7":0,"8":0,"9":0,"10":0,"11":0,"12":0,"13":0,"14":0,"15":0,"16":0,"17":0,"18":0,"19":0,"20":0,"21":0,"22":0,"23":0},"f":{"0":0,"1":0},"b":{"0":[0,0]},"hash":"ae74f3fc4e7786264819c072b01f39bfce1469cd"}},"C:\\Users\\Aleksandr\\Documents\\WebDev\\jobarcelona22-frontend-vue\\src\\views\\Container.vue":{"path":"C:\\Users\\Aleksandr\\Documents\\WebDev\\jobarcelona22-frontend-vue\\src\\views\\Container.vue","statementMap":{"0":{"start":{"line":6,"column":0},"end":{"line":6,"column":null}},"1":{"start":{"line":7,"column":0},"end":{"line":7,"column":null}},"2":{"start":{"line":9,"column":15},"end":{"line":9,"column":31}}},"fnMap":{},"branchMap":{},"s":{"0":0,"1":0,"2":0},"f":{},"b":{}},"C:\\Users\\Aleksandr\\Documents\\WebDev\\jobarcelona22-frontend-vue\\src\\router\\index.ts":{"path":"C:\\Users\\Aleksandr\\Documents\\WebDev\\jobarcelona22-frontend-vue\\src\\router\\index.ts","statementMap":{"0":{"start":{"line":1,"column":0},"end":{"line":1,"column":null}},"1":{"start":{"line":2,"column":0},"end":{"line":2,"column":null}},"2":{"start":{"line":4,"column":38},"end":{"line":4,"column":null}},"3":{"start":{"line":12,"column":15},"end":{"line":12,"column":28}},"4":{"start":{"line":17,"column":15},"end":{"line":17,"column":null}}},"fnMap":{},"branchMap":{},"s":{"0":0,"1":0,"2":0,"3":0,"4":0},"f":{},"b":{}},"C:\\Users\\Aleksandr\\Documents\\WebDev\\jobarcelona22-frontend-vue\\src\\composables\\useSplitText.ts":{"path":"C:\\Users\\Aleksandr\\Documents\\WebDev\\jobarcelona22-frontend-vue\\src\\composables\\useSplitText.ts","statementMap":{"0":{"start":{"line":1,"column":0},"end":{"line":1,"column":null}},"1":{"start":{"line":2,"column":0},"end":{"line":2,"column":null}},"2":{"start":{"line":3,"column":0},"end":{"line":3,"column":null}},"3":{"start":{"line":15,"column":21},"end":{"line":61,"column":null}},"4":{"start":{"line":16,"column":2},"end":{"line":16,"column":7}},"5":{"start":{"line":18,"column":2},"end":{"line":18,"column":23}},"6":{"start":{"line":19,"column":26},"end":{"line":19,"column":31}},"7":{"start":{"line":21,"column":35},"end":{"line":21,"column":39}},"8":{"start":{"line":22,"column":22},"end":{"line":22,"column":null}},"9":{"start":{"line":25,"column":22},"end":{"line":25,"column":null}},"10":{"start":{"line":35,"column":27},"end":{"line":35,"column":null}},"11":{"start":{"line":45,"column":4},"end":{"line":45,"column":12}},"12":{"start":{"line":47,"column":8},"end":{"line":47,"column":16}},"13":{"start":{"line":48,"column":8},"end":{"line":48,"column":null}},"14":{"start":{"line":51,"column":8},"end":{"line":51,"column":16}},"15":{"start":{"line":52,"column":8},"end":{"line":52,"column":null}},"16":{"start":{"line":55,"column":8},"end":{"line":55,"column":16}},"17":{"start":{"line":56,"column":8},"end":{"line":56,"column":null}},"18":{"start":{"line":59,"column":4},"end":{"line":59,"column":17}},"19":{"start":{"line":63,"column":15},"end":{"line":63,"column":null}}},"fnMap":{"0":{"name":"(anonymous_0)","decl":{"start":{"line":15,"column":21},"end":{"line":15,"column":22}},"loc":{"start":{"line":15,"column":72},"end":{"line":61,"column":null}}},"1":{"name":"(anonymous_1)","decl":{"start":{"line":18,"column":24},"end":{"line":18,"column":29}},"loc":{"start":{"line":18,"column":29},"end":{"line":60,"column":null}}}},"branchMap":{"0":{"loc":{"start":{"line":46,"column":6},"end":{"line":48,"column":null}},"type":"switch","locations":[{"start":{"line":46,"column":6},"end":{"line":48,"column":null}},{"start":{"line":50,"column":6},"end":{"line":52,"column":null}},{"start":{"line":54,"column":6},"end":{"line":56,"column":null}}]}},"s":{"0":0,"1":0,"2":0,"3":0,"4":0,"5":0,"6":0,"7":0,"8":0,"9":0,"10":0,"11":0,"12":0,"13":0,"14":0,"15":0,"16":0,"17":0,"18":0,"19":0},"f":{"0":0,"1":0},"b":{"0":[0,0,0]}},"C:\\Users\\Aleksandr\\Documents\\WebDev\\jobarcelona22-frontend-vue\\src\\utils\\gsap\\SplitText.min.js":{"data":{"path":"C:\\Users\\Aleksandr\\Documents\\WebDev\\jobarcelona22-frontend-vue\\src\\utils\\gsap\\SplitText.min.js","statementMap":{"0":{"start":{"line":11,"column":0},"end":{"line":404,"column":3}},"1":{"start":{"line":12,"column":2},"end":{"line":16,"column":51}},"2":{"start":{"line":20,"column":4},"end":{"line":20,"column":7183}},"3":{"start":{"line":22,"column":4},"end":{"line":22,"column":33}},"4":{"start":{"line":26,"column":4},"end":{"line":34,"column":11}},"5":{"start":{"line":37,"column":4},"end":{"line":37,"column":58}},"6":{"start":{"line":40,"column":4},"end":{"line":41,"column":69}},"7":{"start":{"line":40,"column":20},"end":{"line":40,"column":28}},"8":{"start":{"line":41,"column":6},"end":{"line":41,"column":69}},"9":{"start":{"line":41,"column":53},"end":{"line":41,"column":69}},"10":{"start":{"line":44,"column":4},"end":{"line":44,"column":29}},"11":{"start":{"line":45,"column":12},"end":{"line":45,"column":28}},"12":{"start":{"line":46,"column":10},"end":{"line":46,"column":11}},"13":{"start":{"line":47,"column":4},"end":{"line":57,"column":6}},"14":{"start":{"line":50,"column":8},"end":{"line":55,"column":10}},"15":{"start":{"line":60,"column":12},"end":{"line":60,"column":22}},"16":{"start":{"line":61,"column":4},"end":{"line":62,"column":78}},"17":{"start":{"line":61,"column":40},"end":{"line":61,"column":96}},"18":{"start":{"line":61,"column":85},"end":{"line":61,"column":96}},"19":{"start":{"line":62,"column":9},"end":{"line":62,"column":78}},"20":{"start":{"line":65,"column":4},"end":{"line":65,"column":52}},"21":{"start":{"line":65,"column":17},"end":{"line":65,"column":25}},"22":{"start":{"line":65,"column":39},"end":{"line":65,"column":52}},"23":{"start":{"line":68,"column":4},"end":{"line":71,"column":5}},"24":{"start":{"line":69,"column":6},"end":{"line":69,"column":79}},"25":{"start":{"line":69,"column":42},"end":{"line":69,"column":79}},"26":{"start":{"line":70,"column":6},"end":{"line":70,"column":36}},"27":{"start":{"line":76,"column":10},"end":{"line":76,"column":25}},"28":{"start":{"line":77,"column":10},"end":{"line":77,"column":18}},"29":{"start":{"line":78,"column":4},"end":{"line":84,"column":82}},"30":{"start":{"line":79,"column":6},"end":{"line":84,"column":82}},"31":{"start":{"line":87,"column":4},"end":{"line":87,"column":33}},"32":{"start":{"line":102,"column":10},"end":{"line":102,"column":14}},"33":{"start":{"line":103,"column":10},"end":{"line":103,"column":29}},"34":{"start":{"line":104,"column":10},"end":{"line":104,"column":14}},"35":{"start":{"line":105,"column":10},"end":{"line":105,"column":60}},"36":{"start":{"line":106,"column":10},"end":{"line":106,"column":60}},"37":{"start":{"line":107,"column":10},"end":{"line":107,"column":52}},"38":{"start":{"line":108,"column":10},"end":{"line":108,"column":52}},"39":{"start":{"line":109,"column":10},"end":{"line":109,"column":53}},"40":{"start":{"line":110,"column":10},"end":{"line":110,"column":21}},"41":{"start":{"line":111,"column":10},"end":{"line":111,"column":12}},"42":{"start":{"line":112,"column":10},"end":{"line":112,"column":12}},"43":{"start":{"line":113,"column":10},"end":{"line":113,"column":12}},"44":{"start":{"line":114,"column":10},"end":{"line":114,"column":32}},"45":{"start":{"line":115,"column":10},"end":{"line":115,"column":49}},"46":{"start":{"line":116,"column":10},"end":{"line":116,"column":50}},"47":{"start":{"line":117,"column":10},"end":{"line":117,"column":46}},"48":{"start":{"line":118,"column":10},"end":{"line":118,"column":29}},"49":{"start":{"line":119,"column":10},"end":{"line":119,"column":29}},"50":{"start":{"line":120,"column":10},"end":{"line":120,"column":14}},"51":{"start":{"line":121,"column":10},"end":{"line":121,"column":22}},"52":{"start":{"line":122,"column":10},"end":{"line":122,"column":34}},"53":{"start":{"line":123,"column":10},"end":{"line":123,"column":12}},"54":{"start":{"line":124,"column":4},"end":{"line":132,"column":18}},"55":{"start":{"line":132,"column":6},"end":{"line":132,"column":18}},"56":{"start":{"line":133,"column":4},"end":{"line":151,"column":27}},"57":{"start":{"line":134,"column":6},"end":{"line":151,"column":27}},"58":{"start":{"line":135,"column":8},"end":{"line":151,"column":27}},"59":{"start":{"line":152,"column":4},"end":{"line":198,"column":34}},"60":{"start":{"line":153,"column":6},"end":{"line":198,"column":34}},"61":{"start":{"line":154,"column":8},"end":{"line":194,"column":92}},"62":{"start":{"line":166,"column":10},"end":{"line":190,"column":27}},"63":{"start":{"line":167,"column":12},"end":{"line":172,"column":90}},"64":{"start":{"line":172,"column":14},"end":{"line":172,"column":90}},"65":{"start":{"line":174,"column":12},"end":{"line":190,"column":27}},"66":{"start":{"line":192,"column":10},"end":{"line":194,"column":92}},"67":{"start":{"line":196,"column":8},"end":{"line":198,"column":34}},"68":{"start":{"line":199,"column":4},"end":{"line":199,"column":69}},"69":{"start":{"line":199,"column":35},"end":{"line":199,"column":69}},"70":{"start":{"line":200,"column":4},"end":{"line":239,"column":5}},"71":{"start":{"line":201,"column":6},"end":{"line":213,"column":36}},"72":{"start":{"line":213,"column":8},"end":{"line":213,"column":36}},"73":{"start":{"line":214,"column":6},"end":{"line":237,"column":7}},"74":{"start":{"line":215,"column":8},"end":{"line":233,"column":54}},"75":{"start":{"line":226,"column":10},"end":{"line":233,"column":54}},"76":{"start":{"line":234,"column":8},"end":{"line":236,"column":27}},"77":{"start":{"line":238,"column":6},"end":{"line":238,"column":26}},"78":{"start":{"line":240,"column":4},"end":{"line":247,"column":14}},"79":{"start":{"line":258,"column":10},"end":{"line":258,"column":49}},"80":{"start":{"line":259,"column":10},"end":{"line":259,"column":70}},"81":{"start":{"line":260,"column":10},"end":{"line":260,"column":14}},"82":{"start":{"line":261,"column":10},"end":{"line":261,"column":32}},"83":{"start":{"line":262,"column":10},"end":{"line":262,"column":46}},"84":{"start":{"line":263,"column":10},"end":{"line":263,"column":24}},"85":{"start":{"line":264,"column":10},"end":{"line":264,"column":11}},"86":{"start":{"line":265,"column":10},"end":{"line":265,"column":92}},"87":{"start":{"line":266,"column":10},"end":{"line":266,"column":32}},"88":{"start":{"line":267,"column":10},"end":{"line":267,"column":22}},"89":{"start":{"line":268,"column":4},"end":{"line":306,"column":65}},"90":{"start":{"line":275,"column":20},"end":{"line":275,"column":30}},"91":{"start":{"line":276,"column":18},"end":{"line":276,"column":20}},"92":{"start":{"line":277,"column":12},"end":{"line":280,"column":62}},"93":{"start":{"line":278,"column":14},"end":{"line":278,"column":73}},"94":{"start":{"line":278,"column":52},"end":{"line":278,"column":73}},"95":{"start":{"line":279,"column":14},"end":{"line":279,"column":75}},"96":{"start":{"line":279,"column":59},"end":{"line":279,"column":75}},"97":{"start":{"line":280,"column":19},"end":{"line":280,"column":62}},"98":{"start":{"line":280,"column":43},"end":{"line":280,"column":62}},"99":{"start":{"line":281,"column":12},"end":{"line":281,"column":21}},"100":{"start":{"line":291,"column":6},"end":{"line":306,"column":65}},"101":{"start":{"line":292,"column":8},"end":{"line":294,"column":23}},"102":{"start":{"line":295,"column":11},"end":{"line":306,"column":65}},"103":{"start":{"line":296,"column":8},"end":{"line":296,"column":76}},"104":{"start":{"line":296,"column":62},"end":{"line":296,"column":76}},"105":{"start":{"line":297,"column":8},"end":{"line":297,"column":86}},"106":{"start":{"line":299,"column":8},"end":{"line":306,"column":65}},"107":{"start":{"line":307,"column":4},"end":{"line":307,"column":63}},"108":{"start":{"line":312,"column":10},"end":{"line":312,"column":25}},"109":{"start":{"line":313,"column":10},"end":{"line":313,"column":18}},"110":{"start":{"line":314,"column":10},"end":{"line":314,"column":14}},"111":{"start":{"line":315,"column":4},"end":{"line":326,"column":5}},"112":{"start":{"line":316,"column":6},"end":{"line":324,"column":27}},"113":{"start":{"line":317,"column":8},"end":{"line":324,"column":27}},"114":{"start":{"line":325,"column":6},"end":{"line":325,"column":54}},"115":{"start":{"line":327,"column":4},"end":{"line":327,"column":18}},"116":{"start":{"line":333,"column":8},"end":{"line":333,"column":25}},"117":{"start":{"line":334,"column":8},"end":{"line":334,"column":20}},"118":{"start":{"line":335,"column":8},"end":{"line":335,"column":21}},"119":{"start":{"line":336,"column":8},"end":{"line":336,"column":16}},"120":{"start":{"line":338,"column":7},"end":{"line":384,"column":15}},"121":{"start":{"line":339,"column":8},"end":{"line":341,"column":99}},"122":{"start":{"line":342,"column":8},"end":{"line":358,"column":62}},"123":{"start":{"line":346,"column":16},"end":{"line":346,"column":36}},"124":{"start":{"line":347,"column":16},"end":{"line":347,"column":55}},"125":{"start":{"line":348,"column":16},"end":{"line":348,"column":34}},"126":{"start":{"line":349,"column":16},"end":{"line":349,"column":34}},"127":{"start":{"line":353,"column":10},"end":{"line":358,"column":62}},"128":{"start":{"line":359,"column":8},"end":{"line":365,"column":10}},"129":{"start":{"line":368,"column":16},"end":{"line":368,"column":31}},"130":{"start":{"line":369,"column":8},"end":{"line":369,"column":62}},"131":{"start":{"line":369,"column":16},"end":{"line":369,"column":62}},"132":{"start":{"line":370,"column":8},"end":{"line":379,"column":10}},"133":{"start":{"line":372,"column":12},"end":{"line":372,"column":40}},"134":{"start":{"line":382,"column":8},"end":{"line":382,"column":35}},"135":{"start":{"line":386,"column":4},"end":{"line":396,"column":20}},"136":{"start":{"line":388,"column":8},"end":{"line":388,"column":46}},"137":{"start":{"line":398,"column":2},"end":{"line":398,"column":60}},"138":{"start":{"line":399,"column":2},"end":{"line":403,"column":3}},"139":{"start":{"line":400,"column":4},"end":{"line":400,"column":58}},"140":{"start":{"line":402,"column":4},"end":{"line":402,"column":21}}},"fnMap":{"0":{"name":"(anonymous_0)","decl":{"start":{"line":11,"column":2},"end":{"line":11,"column":3}},"loc":{"start":{"line":11,"column":18},"end":{"line":17,"column":1}},"line":11},"1":{"name":"(anonymous_1)","decl":{"start":{"line":17,"column":9},"end":{"line":17,"column":10}},"loc":{"start":{"line":17,"column":22},"end":{"line":404,"column":1}},"line":17},"2":{"name":"k","decl":{"start":{"line":21,"column":11},"end":{"line":21,"column":12}},"loc":{"start":{"line":21,"column":16},"end":{"line":23,"column":3}},"line":21},"3":{"name":"n","decl":{"start":{"line":24,"column":11},"end":{"line":24,"column":12}},"loc":{"start":{"line":24,"column":19},"end":{"line":35,"column":3}},"line":24},"4":{"name":"o","decl":{"start":{"line":36,"column":11},"end":{"line":36,"column":12}},"loc":{"start":{"line":36,"column":16},"end":{"line":38,"column":3}},"line":36},"5":{"name":"p","decl":{"start":{"line":39,"column":11},"end":{"line":39,"column":12}},"loc":{"start":{"line":39,"column":19},"end":{"line":42,"column":3}},"line":39},"6":{"name":"r","decl":{"start":{"line":43,"column":11},"end":{"line":43,"column":12}},"loc":{"start":{"line":43,"column":19},"end":{"line":58,"column":3}},"line":43},"7":{"name":"(anonymous_7)","decl":{"start":{"line":49,"column":6},"end":{"line":49,"column":7}},"loc":{"start":{"line":49,"column":18},"end":{"line":56,"column":7}},"line":49},"8":{"name":"s","decl":{"start":{"line":59,"column":11},"end":{"line":59,"column":12}},"loc":{"start":{"line":59,"column":22},"end":{"line":63,"column":3}},"line":59},"9":{"name":"t","decl":{"start":{"line":64,"column":11},"end":{"line":64,"column":12}},"loc":{"start":{"line":64,"column":19},"end":{"line":66,"column":3}},"line":64},"10":{"name":"u","decl":{"start":{"line":67,"column":11},"end":{"line":67,"column":12}},"loc":{"start":{"line":67,"column":22},"end":{"line":72,"column":3}},"line":67},"11":{"name":"v","decl":{"start":{"line":73,"column":11},"end":{"line":73,"column":12}},"loc":{"start":{"line":73,"column":16},"end":{"line":85,"column":3}},"line":73},"12":{"name":"w","decl":{"start":{"line":86,"column":11},"end":{"line":86,"column":12}},"loc":{"start":{"line":86,"column":19},"end":{"line":88,"column":3}},"line":86},"13":{"name":"x","decl":{"start":{"line":89,"column":11},"end":{"line":89,"column":12}},"loc":{"start":{"line":89,"column":34},"end":{"line":248,"column":3}},"line":89},"14":{"name":"y","decl":{"start":{"line":249,"column":11},"end":{"line":249,"column":12}},"loc":{"start":{"line":249,"column":25},"end":{"line":308,"column":3}},"line":249},"15":{"name":"getText","decl":{"start":{"line":274,"column":25},"end":{"line":274,"column":32}},"loc":{"start":{"line":274,"column":36},"end":{"line":282,"column":11}},"line":274},"16":{"name":"z","decl":{"start":{"line":309,"column":11},"end":{"line":309,"column":12}},"loc":{"start":{"line":309,"column":25},"end":{"line":328,"column":3}},"line":309},"17":{"name":"split","decl":{"start":{"line":338,"column":51},"end":{"line":338,"column":56}},"loc":{"start":{"line":338,"column":60},"end":{"line":366,"column":7}},"line":338},"18":{"name":"revert","decl":{"start":{"line":367,"column":27},"end":{"line":367,"column":33}},"loc":{"start":{"line":367,"column":36},"end":{"line":380,"column":7}},"line":367},"19":{"name":"(anonymous_19)","decl":{"start":{"line":371,"column":32},"end":{"line":371,"column":33}},"loc":{"start":{"line":371,"column":48},"end":{"line":373,"column":11}},"line":371},"20":{"name":"create","decl":{"start":{"line":381,"column":35},"end":{"line":381,"column":41}},"loc":{"start":{"line":381,"column":48},"end":{"line":383,"column":7}},"line":381},"21":{"name":"SplitText","decl":{"start":{"line":385,"column":11},"end":{"line":385,"column":20}},"loc":{"start":{"line":385,"column":27},"end":{"line":397,"column":3}},"line":385},"22":{"name":"_initCore","decl":{"start":{"line":387,"column":16},"end":{"line":387,"column":25}},"loc":{"start":{"line":387,"column":28},"end":{"line":389,"column":7}},"line":387}},"branchMap":{"0":{"loc":{"start":{"line":12,"column":2},"end":{"line":16,"column":50}},"type":"cond-expr","locations":[{"start":{"line":13,"column":6},"end":{"line":13,"column":16}},{"start":{"line":14,"column":6},"end":{"line":16,"column":50}}],"line":12},"1":{"loc":{"start":{"line":12,"column":2},"end":{"line":12,"column":60}},"type":"binary-expr","locations":[{"start":{"line":12,"column":2},"end":{"line":12,"column":28}},{"start":{"line":12,"column":32},"end":{"line":12,"column":60}}],"line":12},"2":{"loc":{"start":{"line":14,"column":6},"end":{"line":16,"column":50}},"type":"cond-expr","locations":[{"start":{"line":15,"column":6},"end":{"line":15,"column":28}},{"start":{"line":16,"column":6},"end":{"line":16,"column":50}}],"line":14},"3":{"loc":{"start":{"line":14,"column":6},"end":{"line":14,"column":47}},"type":"binary-expr","locations":[{"start":{"line":14,"column":6},"end":{"line":14,"column":33}},{"start":{"line":14,"column":37},"end":{"line":14,"column":47}}],"line":14},"4":{"loc":{"start":{"line":16,"column":14},"end":{"line":16,"column":23}},"type":"binary-expr","locations":[{"start":{"line":16,"column":14},"end":{"line":16,"column":15}},{"start":{"line":16,"column":19},"end":{"line":16,"column":23}}],"line":16},"5":{"loc":{"start":{"line":16,"column":34},"end":{"line":16,"column":48}},"type":"binary-expr","locations":[{"start":{"line":16,"column":34},"end":{"line":16,"column":42}},{"start":{"line":16,"column":46},"end":{"line":16,"column":48}}],"line":16},"6":{"loc":{"start":{"line":26,"column":11},"end":{"line":34,"column":10}},"type":"cond-expr","locations":[{"start":{"line":27,"column":8},"end":{"line":27,"column":9}},{"start":{"line":28,"column":8},"end":{"line":34,"column":10}}],"line":26},"7":{"loc":{"start":{"line":28,"column":8},"end":{"line":34,"column":10}},"type":"cond-expr","locations":[{"start":{"line":29,"column":8},"end":{"line":29,"column":40}},{"start":{"line":30,"column":8},"end":{"line":34,"column":10}}],"line":28},"8":{"loc":{"start":{"line":28,"column":8},"end":{"line":28,"column":45}},"type":"binary-expr","locations":[{"start":{"line":28,"column":8},"end":{"line":28,"column":34}},{"start":{"line":28,"column":38},"end":{"line":28,"column":40}},{"start":{"line":28,"column":44},"end":{"line":28,"column":45}}],"line":28},"9":{"loc":{"start":{"line":30,"column":8},"end":{"line":34,"column":10}},"type":"cond-expr","locations":[{"start":{"line":31,"column":8},"end":{"line":31,"column":20}},{"start":{"line":32,"column":8},"end":{"line":34,"column":10}}],"line":30},"10":{"loc":{"start":{"line":30,"column":8},"end":{"line":30,"column":43}},"type":"binary-expr","locations":[{"start":{"line":30,"column":8},"end":{"line":30,"column":9}},{"start":{"line":30,"column":13},"end":{"line":30,"column":26}},{"start":{"line":30,"column":30},"end":{"line":30,"column":43}}],"line":30},"11":{"loc":{"start":{"line":32,"column":8},"end":{"line":34,"column":10}},"type":"cond-expr","locations":[{"start":{"line":33,"column":8},"end":{"line":33,"column":11}},{"start":{"line":34,"column":8},"end":{"line":34,"column":10}}],"line":32},"12":{"loc":{"start":{"line":37,"column":11},"end":{"line":37,"column":57}},"type":"binary-expr","locations":[{"start":{"line":37,"column":11},"end":{"line":37,"column":36}},{"start":{"line":37,"column":40},"end":{"line":37,"column":57}}],"line":37},"13":{"loc":{"start":{"line":41,"column":6},"end":{"line":41,"column":69}},"type":"if","locations":[{"start":{"line":41,"column":6},"end":{"line":41,"column":69}},{"start":{"line":41,"column":6},"end":{"line":41,"column":69}}],"line":41},"14":{"loc":{"start":{"line":44,"column":4},"end":{"line":44,"column":28}},"type":"binary-expr","locations":[{"start":{"line":44,"column":4},"end":{"line":44,"column":16}},{"start":{"line":44,"column":21},"end":{"line":44,"column":27}}],"line":44},"15":{"loc":{"start":{"line":48,"column":6},"end":{"line":48,"column":39}},"type":"binary-expr","locations":[{"start":{"line":48,"column":6},"end":{"line":48,"column":7}},{"start":{"line":48,"column":12},"end":{"line":48,"column":38}}],"line":48},"16":{"loc":{"start":{"line":54,"column":11},"end":{"line":54,"column":59}},"type":"cond-expr","locations":[{"start":{"line":54,"column":15},"end":{"line":54,"column":53}},{"start":{"line":54,"column":56},"end":{"line":54,"column":59}}],"line":54},"17":{"loc":{"start":{"line":54,"column":33},"end":{"line":54,"column":45}},"type":"cond-expr","locations":[{"start":{"line":54,"column":37},"end":{"line":54,"column":40}},{"start":{"line":54,"column":43},"end":{"line":54,"column":45}}],"line":54},"18":{"loc":{"start":{"line":61,"column":4},"end":{"line":62,"column":78}},"type":"if","locations":[{"start":{"line":61,"column":4},"end":{"line":62,"column":78}},{"start":{"line":61,"column":4},"end":{"line":62,"column":78}}],"line":61},"19":{"loc":{"start":{"line":61,"column":8},"end":{"line":61,"column":38}},"type":"binary-expr","locations":[{"start":{"line":61,"column":8},"end":{"line":61,"column":15}},{"start":{"line":61,"column":19},"end":{"line":61,"column":26}},{"start":{"line":61,"column":30},"end":{"line":61,"column":38}}],"line":61},"20":{"loc":{"start":{"line":62,"column":9},"end":{"line":62,"column":77}},"type":"binary-expr","locations":[{"start":{"line":62,"column":10},"end":{"line":62,"column":17}},{"start":{"line":62,"column":21},"end":{"line":62,"column":28}},{"start":{"line":62,"column":34},"end":{"line":62,"column":76}}],"line":62},"21":{"loc":{"start":{"line":68,"column":16},"end":{"line":68,"column":28}},"type":"binary-expr","locations":[{"start":{"line":68,"column":16},"end":{"line":68,"column":17}},{"start":{"line":68,"column":21},"end":{"line":68,"column":28}}],"line":68},"22":{"loc":{"start":{"line":69,"column":6},"end":{"line":69,"column":79}},"type":"if","locations":[{"start":{"line":69,"column":6},"end":{"line":69,"column":79}},{"start":{"line":69,"column":6},"end":{"line":69,"column":79}}],"line":69},"23":{"loc":{"start":{"line":69,"column":15},"end":{"line":69,"column":39}},"type":"binary-expr","locations":[{"start":{"line":69,"column":15},"end":{"line":69,"column":22}},{"start":{"line":69,"column":26},"end":{"line":69,"column":39}}],"line":69},"24":{"loc":{"start":{"line":70,"column":10},"end":{"line":70,"column":35}},"type":"binary-expr","locations":[{"start":{"line":70,"column":10},"end":{"line":70,"column":22}},{"start":{"line":70,"column":26},"end":{"line":70,"column":35}}],"line":70},"25":{"loc":{"start":{"line":79,"column":6},"end":{"line":84,"column":81}},"type":"cond-expr","locations":[{"start":{"line":80,"column":10},"end":{"line":80,"column":14}},{"start":{"line":81,"column":10},"end":{"line":84,"column":81}}],"line":79},"26":{"loc":{"start":{"line":81,"column":10},"end":{"line":84,"column":81}},"type":"cond-expr","locations":[{"start":{"line":82,"column":11},"end":{"line":83,"column":26}},{"start":{"line":84,"column":10},"end":{"line":84,"column":81}}],"line":81},"27":{"loc":{"start":{"line":81,"column":10},"end":{"line":81,"column":68}},"type":"binary-expr","locations":[{"start":{"line":81,"column":10},"end":{"line":81,"column":11}},{"start":{"line":81,"column":15},"end":{"line":81,"column":32}},{"start":{"line":81,"column":36},"end":{"line":81,"column":68}}],"line":81},"28":{"loc":{"start":{"line":82,"column":43},"end":{"line":82,"column":98}},"type":"cond-expr","locations":[{"start":{"line":82,"column":62},"end":{"line":82,"column":73}},{"start":{"line":82,"column":76},"end":{"line":82,"column":98}}],"line":82},"29":{"loc":{"start":{"line":84,"column":10},"end":{"line":84,"column":81}},"type":"binary-expr","locations":[{"start":{"line":84,"column":10},"end":{"line":84,"column":26}},{"start":{"line":84,"column":31},"end":{"line":84,"column":80}}],"line":84},"30":{"loc":{"start":{"line":87,"column":11},"end":{"line":87,"column":32}},"type":"binary-expr","locations":[{"start":{"line":87,"column":11},"end":{"line":87,"column":27}},{"start":{"line":87,"column":31},"end":{"line":87,"column":32}}],"line":87},"31":{"loc":{"start":{"line":109,"column":30},"end":{"line":109,"column":52}},"type":"binary-expr","locations":[{"start":{"line":109,"column":30},"end":{"line":109,"column":45}},{"start":{"line":109,"column":49},"end":{"line":109,"column":52}}],"line":109},"32":{"loc":{"start":{"line":114,"column":10},"end":{"line":114,"column":32}},"type":"binary-expr","locations":[{"start":{"line":114,"column":10},"end":{"line":114,"column":25}},{"start":{"line":114,"column":29},"end":{"line":114,"column":32}}],"line":114},"33":{"loc":{"start":{"line":115,"column":10},"end":{"line":115,"column":49}},"type":"cond-expr","locations":[{"start":{"line":115,"column":18},"end":{"line":115,"column":23}},{"start":{"line":115,"column":26},"end":{"line":115,"column":49}}],"line":115},"34":{"loc":{"start":{"line":115,"column":26},"end":{"line":115,"column":49}},"type":"cond-expr","locations":[{"start":{"line":115,"column":35},"end":{"line":115,"column":41}},{"start":{"line":115,"column":44},"end":{"line":115,"column":49}}],"line":115},"35":{"loc":{"start":{"line":116,"column":10},"end":{"line":116,"column":50}},"type":"binary-expr","locations":[{"start":{"line":116,"column":10},"end":{"line":116,"column":16}},{"start":{"line":116,"column":20},"end":{"line":116,"column":27}},{"start":{"line":116,"column":31},"end":{"line":116,"column":50}}],"line":116},"36":{"loc":{"start":{"line":117,"column":10},"end":{"line":117,"column":46}},"type":"cond-expr","locations":[{"start":{"line":117,"column":37},"end":{"line":117,"column":39}},{"start":{"line":117,"column":42},"end":{"line":117,"column":46}}],"line":117},"37":{"loc":{"start":{"line":117,"column":10},"end":{"line":117,"column":34}},"type":"binary-expr","locations":[{"start":{"line":117,"column":10},"end":{"line":117,"column":11}},{"start":{"line":117,"column":15},"end":{"line":117,"column":34}}],"line":117},"38":{"loc":{"start":{"line":122,"column":12},"end":{"line":122,"column":19}},"type":"binary-expr","locations":[{"start":{"line":122,"column":12},"end":{"line":122,"column":13}},{"start":{"line":122,"column":17},"end":{"line":122,"column":19}}],"line":122},"39":{"loc":{"start":{"line":125,"column":6},"end":{"line":125,"column":39}},"type":"binary-expr","locations":[{"start":{"line":125,"column":6},"end":{"line":125,"column":7}},{"start":{"line":125,"column":12},"end":{"line":125,"column":38}}],"line":125},"40":{"loc":{"start":{"line":133,"column":4},"end":{"line":151,"column":27}},"type":"if","locations":[{"start":{"line":133,"column":4},"end":{"line":151,"column":27}},{"start":{"line":133,"column":4},"end":{"line":151,"column":27}}],"line":133},"41":{"loc":{"start":{"line":133,"column":8},"end":{"line":133,"column":14}},"type":"binary-expr","locations":[{"start":{"line":133,"column":8},"end":{"line":133,"column":9}},{"start":{"line":133,"column":13},"end":{"line":133,"column":14}}],"line":133},"42":{"loc":{"start":{"line":135,"column":8},"end":{"line":151,"column":26}},"type":"binary-expr","locations":[{"start":{"line":135,"column":10},"end":{"line":135,"column":41}},{"start":{"line":135,"column":46},"end":{"line":135,"column":47}},{"start":{"line":135,"column":52},"end":{"line":135,"column":53}},{"start":{"line":135,"column":57},"end":{"line":135,"column":59}},{"start":{"line":136,"column":11},"end":{"line":151,"column":25}}],"line":135},"43":{"loc":{"start":{"line":137,"column":10},"end":{"line":141,"column":42}},"type":"binary-expr","locations":[{"start":{"line":137,"column":10},"end":{"line":137,"column":11}},{"start":{"line":138,"column":12},"end":{"line":138,"column":13}},{"start":{"line":139,"column":12},"end":{"line":139,"column":31}},{"start":{"line":140,"column":13},"end":{"line":140,"column":32}},{"start":{"line":140,"column":36},"end":{"line":140,"column":43}},{"start":{"line":141,"column":13},"end":{"line":141,"column":41}}],"line":137},"44":{"loc":{"start":{"line":142,"column":10},"end":{"line":142,"column":99}},"type":"binary-expr","locations":[{"start":{"line":142,"column":10},"end":{"line":142,"column":11}},{"start":{"line":142,"column":16},"end":{"line":142,"column":98}}],"line":142},"45":{"loc":{"start":{"line":143,"column":10},"end":{"line":151,"column":25}},"type":"binary-expr","locations":[{"start":{"line":143,"column":10},"end":{"line":143,"column":11}},{"start":{"line":144,"column":13},"end":{"line":151,"column":24}}],"line":143},"46":{"loc":{"start":{"line":144,"column":13},"end":{"line":148,"column":71}},"type":"binary-expr","locations":[{"start":{"line":144,"column":15},"end":{"line":144,"column":25}},{"start":{"line":144,"column":29},"end":{"line":144,"column":30}},{"start":{"line":145,"column":15},"end":{"line":145,"column":17}},{"start":{"line":145,"column":21},"end":{"line":145,"column":22}},{"start":{"line":146,"column":15},"end":{"line":146,"column":16}},{"start":{"line":146,"column":20},"end":{"line":146,"column":21}},{"start":{"line":147,"column":15},"end":{"line":147,"column":17}},{"start":{"line":147,"column":21},"end":{"line":147,"column":50}},{"start":{"line":147,"column":54},"end":{"line":147,"column":76}},{"start":{"line":148,"column":15},"end":{"line":148,"column":70}}],"line":144},"47":{"loc":{"start":{"line":148,"column":39},"end":{"line":148,"column":70}},"type":"binary-expr","locations":[{"start":{"line":148,"column":39},"end":{"line":148,"column":49}},{"start":{"line":148,"column":54},"end":{"line":148,"column":69}}],"line":148},"48":{"loc":{"start":{"line":149,"column":12},"end":{"line":151,"column":24}},"type":"binary-expr","locations":[{"start":{"line":149,"column":12},"end":{"line":149,"column":31}},{"start":{"line":150,"column":16},"end":{"line":150,"column":29}},{"start":{"line":150,"column":33},"end":{"line":150,"column":64}},{"start":{"line":150,"column":69},"end":{"line":150,"column":76}},{"start":{"line":151,"column":14},"end":{"line":151,"column":24}}],"line":149},"49":{"loc":{"start":{"line":153,"column":6},"end":{"line":198,"column":34}},"type":"if","locations":[{"start":{"line":153,"column":6},"end":{"line":198,"column":34}},{"start":{"line":153,"column":6},"end":{"line":198,"column":34}}],"line":153},"50":{"loc":{"start":{"line":154,"column":8},"end":{"line":194,"column":92}},"type":"if","locations":[{"start":{"line":154,"column":8},"end":{"line":194,"column":92}},{"start":{"line":154,"column":8},"end":{"line":194,"column":92}}],"line":154},"51":{"loc":{"start":{"line":155,"column":11},"end":{"line":163,"column":37}},"type":"binary-expr","locations":[{"start":{"line":155,"column":11},"end":{"line":155,"column":12}},{"start":{"line":156,"column":13},"end":{"line":163,"column":36}}],"line":155},"52":{"loc":{"start":{"line":157,"column":12},"end":{"line":157,"column":76}},"type":"binary-expr","locations":[{"start":{"line":157,"column":12},"end":{"line":157,"column":13}},{"start":{"line":157,"column":17},"end":{"line":157,"column":18}},{"start":{"line":157,"column":23},"end":{"line":157,"column":75}}],"line":157},"53":{"loc":{"start":{"line":164,"column":10},"end":{"line":164,"column":17}},"type":"binary-expr","locations":[{"start":{"line":164,"column":10},"end":{"line":164,"column":12}},{"start":{"line":164,"column":16},"end":{"line":164,"column":17}}],"line":164},"54":{"loc":{"start":{"line":166,"column":10},"end":{"line":190,"column":27}},"type":"if","locations":[{"start":{"line":166,"column":10},"end":{"line":190,"column":27}},{"start":{"line":166,"column":10},"end":{"line":190,"column":27}}],"line":166},"55":{"loc":{"start":{"line":169,"column":14},"end":{"line":169,"column":60}},"type":"binary-expr","locations":[{"start":{"line":169,"column":14},"end":{"line":169,"column":15}},{"start":{"line":169,"column":19},"end":{"line":169,"column":35}},{"start":{"line":169,"column":39},"end":{"line":169,"column":60}}],"line":169},"56":{"loc":{"start":{"line":174,"column":12},"end":{"line":190,"column":26}},"type":"cond-expr","locations":[{"start":{"line":175,"column":17},"end":{"line":184,"column":19}},{"start":{"line":185,"column":16},"end":{"line":190,"column":26}}],"line":174},"57":{"loc":{"start":{"line":176,"column":16},"end":{"line":176,"column":82}},"type":"binary-expr","locations":[{"start":{"line":176,"column":16},"end":{"line":176,"column":34}},{"start":{"line":176,"column":38},"end":{"line":176,"column":50}},{"start":{"line":176,"column":55},"end":{"line":176,"column":81}}],"line":176},"58":{"loc":{"start":{"line":177,"column":16},"end":{"line":180,"column":39}},"type":"binary-expr","locations":[{"start":{"line":177,"column":16},"end":{"line":177,"column":29}},{"start":{"line":178,"column":18},"end":{"line":178,"column":51}},{"start":{"line":179,"column":18},"end":{"line":179,"column":44}},{"start":{"line":180,"column":18},"end":{"line":180,"column":39}}],"line":177},"59":{"loc":{"start":{"line":181,"column":27},"end":{"line":181,"column":89}},"type":"cond-expr","locations":[{"start":{"line":181,"column":69},"end":{"line":181,"column":73}},{"start":{"line":181,"column":76},"end":{"line":181,"column":89}}],"line":181},"60":{"loc":{"start":{"line":181,"column":27},"end":{"line":181,"column":66}},"type":"binary-expr","locations":[{"start":{"line":181,"column":27},"end":{"line":181,"column":40}},{"start":{"line":181,"column":44},"end":{"line":181,"column":66}}],"line":181},"61":{"loc":{"start":{"line":185,"column":16},"end":{"line":190,"column":26}},"type":"binary-expr","locations":[{"start":{"line":185,"column":16},"end":{"line":185,"column":17}},{"start":{"line":186,"column":17},"end":{"line":190,"column":25}}],"line":185},"62":{"loc":{"start":{"line":186,"column":22},"end":{"line":186,"column":61}},"type":"binary-expr","locations":[{"start":{"line":186,"column":22},"end":{"line":186,"column":36}},{"start":{"line":186,"column":40},"end":{"line":186,"column":61}}],"line":186},"63":{"loc":{"start":{"line":187,"column":16},"end":{"line":187,"column":75}},"type":"binary-expr","locations":[{"start":{"line":187,"column":16},"end":{"line":187,"column":36}},{"start":{"line":187,"column":40},"end":{"line":187,"column":75}}],"line":187},"64":{"loc":{"start":{"line":188,"column":16},"end":{"line":188,"column":68}},"type":"binary-expr","locations":[{"start":{"line":188,"column":16},"end":{"line":188,"column":17}},{"start":{"line":188,"column":21},"end":{"line":188,"column":68}}],"line":188},"65":{"loc":{"start":{"line":189,"column":16},"end":{"line":189,"column":60}},"type":"binary-expr","locations":[{"start":{"line":189,"column":16},"end":{"line":189,"column":28}},{"start":{"line":189,"column":33},"end":{"line":189,"column":59}}],"line":189},"66":{"loc":{"start":{"line":192,"column":10},"end":{"line":194,"column":91}},"type":"cond-expr","locations":[{"start":{"line":193,"column":14},"end":{"line":193,"column":23}},{"start":{"line":194,"column":14},"end":{"line":194,"column":91}}],"line":192},"67":{"loc":{"start":{"line":192,"column":10},"end":{"line":192,"column":68}},"type":"binary-expr","locations":[{"start":{"line":192,"column":10},"end":{"line":192,"column":31}},{"start":{"line":192,"column":35},"end":{"line":192,"column":46}},{"start":{"line":192,"column":50},"end":{"line":192,"column":68}}],"line":192},"68":{"loc":{"start":{"line":194,"column":14},"end":{"line":194,"column":91}},"type":"binary-expr","locations":[{"start":{"line":194,"column":14},"end":{"line":194,"column":15}},{"start":{"line":194,"column":19},"end":{"line":194,"column":30}},{"start":{"line":194,"column":35},"end":{"line":194,"column":90}}],"line":194},"69":{"loc":{"start":{"line":194,"column":35},"end":{"line":194,"column":79}},"type":"binary-expr","locations":[{"start":{"line":194,"column":35},"end":{"line":194,"column":47}},{"start":{"line":194,"column":52},"end":{"line":194,"column":78}}],"line":194},"70":{"loc":{"start":{"line":196,"column":8},"end":{"line":198,"column":33}},"type":"cond-expr","locations":[{"start":{"line":197,"column":13},"end":{"line":197,"column":79}},{"start":{"line":198,"column":12},"end":{"line":198,"column":33}}],"line":196},"71":{"loc":{"start":{"line":196,"column":8},"end":{"line":196,"column":14}},"type":"binary-expr","locations":[{"start":{"line":196,"column":8},"end":{"line":196,"column":9}},{"start":{"line":196,"column":13},"end":{"line":196,"column":14}}],"line":196},"72":{"loc":{"start":{"line":197,"column":13},"end":{"line":197,"column":56}},"type":"binary-expr","locations":[{"start":{"line":197,"column":13},"end":{"line":197,"column":25}},{"start":{"line":197,"column":29},"end":{"line":197,"column":56}}],"line":197},"73":{"loc":{"start":{"line":198,"column":12},"end":{"line":198,"column":33}},"type":"binary-expr","locations":[{"start":{"line":198,"column":12},"end":{"line":198,"column":13}},{"start":{"line":198,"column":17},"end":{"line":198,"column":33}}],"line":198},"74":{"loc":{"start":{"line":200,"column":4},"end":{"line":239,"column":5}},"type":"if","locations":[{"start":{"line":200,"column":4},"end":{"line":239,"column":5}},{"start":{"line":200,"column":4},"end":{"line":239,"column":5}}],"line":200},"75":{"loc":{"start":{"line":202,"column":8},"end":{"line":207,"column":27}},"type":"binary-expr","locations":[{"start":{"line":202,"column":8},"end":{"line":202,"column":9}},{"start":{"line":203,"column":11},"end":{"line":207,"column":26}}],"line":202},"76":{"loc":{"start":{"line":206,"column":15},"end":{"line":206,"column":54}},"type":"cond-expr","locations":[{"start":{"line":206,"column":38},"end":{"line":206,"column":39}},{"start":{"line":206,"column":42},"end":{"line":206,"column":54}}],"line":206},"77":{"loc":{"start":{"line":214,"column":15},"end":{"line":214,"column":46}},"type":"binary-expr","locations":[{"start":{"line":214,"column":15},"end":{"line":214,"column":24}},{"start":{"line":214,"column":29},"end":{"line":214,"column":31}},{"start":{"line":214,"column":36},"end":{"line":214,"column":38}},{"start":{"line":214,"column":42},"end":{"line":214,"column":44}}],"line":214},"78":{"loc":{"start":{"line":218,"column":64},"end":{"line":218,"column":93}},"type":"cond-expr","locations":[{"start":{"line":218,"column":68},"end":{"line":218,"column":79}},{"start":{"line":218,"column":82},"end":{"line":218,"column":93}}],"line":218},"79":{"loc":{"start":{"line":219,"column":12},"end":{"line":219,"column":53}},"type":"binary-expr","locations":[{"start":{"line":219,"column":12},"end":{"line":219,"column":13}},{"start":{"line":219,"column":18},"end":{"line":219,"column":52}}],"line":219},"80":{"loc":{"start":{"line":219,"column":37},"end":{"line":219,"column":51}},"type":"cond-expr","locations":[{"start":{"line":219,"column":41},"end":{"line":219,"column":46}},{"start":{"line":219,"column":49},"end":{"line":219,"column":51}}],"line":219},"81":{"loc":{"start":{"line":226,"column":10},"end":{"line":233,"column":53}},"type":"binary-expr","locations":[{"start":{"line":226,"column":10},"end":{"line":226,"column":32}},{"start":{"line":227,"column":13},"end":{"line":233,"column":52}}],"line":226},"82":{"loc":{"start":{"line":229,"column":12},"end":{"line":229,"column":67}},"type":"binary-expr","locations":[{"start":{"line":229,"column":12},"end":{"line":229,"column":13}},{"start":{"line":229,"column":17},"end":{"line":229,"column":27}},{"start":{"line":229,"column":31},"end":{"line":229,"column":67}}],"line":229},"83":{"loc":{"start":{"line":230,"column":12},"end":{"line":233,"column":52}},"type":"binary-expr","locations":[{"start":{"line":230,"column":12},"end":{"line":230,"column":13}},{"start":{"line":231,"column":15},"end":{"line":233,"column":51}}],"line":230},"84":{"loc":{"start":{"line":231,"column":15},"end":{"line":231,"column":86}},"type":"binary-expr","locations":[{"start":{"line":231,"column":15},"end":{"line":231,"column":22}},{"start":{"line":231,"column":27},"end":{"line":231,"column":85}}],"line":231},"85":{"loc":{"start":{"line":233,"column":14},"end":{"line":233,"column":51}},"type":"binary-expr","locations":[{"start":{"line":233,"column":14},"end":{"line":233,"column":15}},{"start":{"line":233,"column":20},"end":{"line":233,"column":50}}],"line":233},"86":{"loc":{"start":{"line":234,"column":8},"end":{"line":234,"column":98}},"type":"cond-expr","locations":[{"start":{"line":234,"column":19},"end":{"line":234,"column":41}},{"start":{"line":234,"column":45},"end":{"line":234,"column":98}}],"line":234},"87":{"loc":{"start":{"line":234,"column":45},"end":{"line":234,"column":98}},"type":"binary-expr","locations":[{"start":{"line":234,"column":45},"end":{"line":234,"column":46}},{"start":{"line":234,"column":50},"end":{"line":234,"column":51}},{"start":{"line":234,"column":56},"end":{"line":234,"column":97}}],"line":234},"88":{"loc":{"start":{"line":235,"column":10},"end":{"line":235,"column":68}},"type":"binary-expr","locations":[{"start":{"line":235,"column":10},"end":{"line":235,"column":11}},{"start":{"line":235,"column":16},"end":{"line":235,"column":67}}],"line":235},"89":{"loc":{"start":{"line":240,"column":4},"end":{"line":244,"column":94}},"type":"binary-expr","locations":[{"start":{"line":240,"column":4},"end":{"line":240,"column":5}},{"start":{"line":241,"column":7},"end":{"line":244,"column":93}}],"line":240},"90":{"loc":{"start":{"line":241,"column":7},"end":{"line":242,"column":96}},"type":"binary-expr","locations":[{"start":{"line":241,"column":7},"end":{"line":241,"column":25}},{"start":{"line":242,"column":9},"end":{"line":242,"column":95}}],"line":241},"91":{"loc":{"start":{"line":242,"column":42},"end":{"line":242,"column":95}},"type":"binary-expr","locations":[{"start":{"line":242,"column":42},"end":{"line":242,"column":60}},{"start":{"line":242,"column":65},"end":{"line":242,"column":94}}],"line":242},"92":{"loc":{"start":{"line":243,"column":6},"end":{"line":244,"column":93}},"type":"binary-expr","locations":[{"start":{"line":243,"column":6},"end":{"line":243,"column":23}},{"start":{"line":244,"column":9},"end":{"line":244,"column":92}}],"line":243},"93":{"loc":{"start":{"line":244,"column":41},"end":{"line":244,"column":92}},"type":"binary-expr","locations":[{"start":{"line":244,"column":41},"end":{"line":244,"column":58}},{"start":{"line":244,"column":63},"end":{"line":244,"column":91}}],"line":244},"94":{"loc":{"start":{"line":246,"column":6},"end":{"line":246,"column":18}},"type":"binary-expr","locations":[{"start":{"line":246,"column":6},"end":{"line":246,"column":7}},{"start":{"line":246,"column":11},"end":{"line":246,"column":18}}],"line":246},"95":{"loc":{"start":{"line":258,"column":10},"end":{"line":258,"column":49}},"type":"cond-expr","locations":[{"start":{"line":258,"column":18},"end":{"line":258,"column":23}},{"start":{"line":258,"column":26},"end":{"line":258,"column":49}}],"line":258},"96":{"loc":{"start":{"line":258,"column":26},"end":{"line":258,"column":49}},"type":"cond-expr","locations":[{"start":{"line":258,"column":35},"end":{"line":258,"column":41}},{"start":{"line":258,"column":44},"end":{"line":258,"column":49}}],"line":258},"97":{"loc":{"start":{"line":259,"column":12},"end":{"line":259,"column":52}},"type":"binary-expr","locations":[{"start":{"line":259,"column":12},"end":{"line":259,"column":18}},{"start":{"line":259,"column":22},"end":{"line":259,"column":29}},{"start":{"line":259,"column":33},"end":{"line":259,"column":52}}],"line":259},"98":{"loc":{"start":{"line":261,"column":10},"end":{"line":261,"column":32}},"type":"binary-expr","locations":[{"start":{"line":261,"column":10},"end":{"line":261,"column":25}},{"start":{"line":261,"column":29},"end":{"line":261,"column":32}}],"line":261},"99":{"loc":{"start":{"line":262,"column":10},"end":{"line":262,"column":46}},"type":"cond-expr","locations":[{"start":{"line":262,"column":22},"end":{"line":262,"column":24}},{"start":{"line":262,"column":27},"end":{"line":262,"column":46}}],"line":262},"100":{"loc":{"start":{"line":262,"column":27},"end":{"line":262,"column":46}},"type":"cond-expr","locations":[{"start":{"line":262,"column":31},"end":{"line":262,"column":40}},{"start":{"line":262,"column":43},"end":{"line":262,"column":46}}],"line":262},"101":{"loc":{"start":{"line":265,"column":10},"end":{"line":265,"column":92}},"type":"cond-expr","locations":[{"start":{"line":265,"column":28},"end":{"line":265,"column":84}},{"start":{"line":265,"column":88},"end":{"line":265,"column":92}}],"line":265},"102":{"loc":{"start":{"line":265,"column":28},"end":{"line":265,"column":84}},"type":"cond-expr","locations":[{"start":{"line":265,"column":66},"end":{"line":265,"column":80}},{"start":{"line":265,"column":83},"end":{"line":265,"column":84}}],"line":265},"103":{"loc":{"start":{"line":277,"column":12},"end":{"line":280,"column":62}},"type":"if","locations":[{"start":{"line":277,"column":12},"end":{"line":280,"column":62}},{"start":{"line":277,"column":12},"end":{"line":280,"column":62}}],"line":277},"104":{"loc":{"start":{"line":277,"column":16},"end":{"line":277,"column":46}},"type":"binary-expr","locations":[{"start":{"line":277,"column":16},"end":{"line":277,"column":23}},{"start":{"line":277,"column":27},"end":{"line":277,"column":34}},{"start":{"line":277,"column":38},"end":{"line":277,"column":46}}],"line":277},"105":{"loc":{"start":{"line":278,"column":14},"end":{"line":278,"column":73}},"type":"if","locations":[{"start":{"line":278,"column":14},"end":{"line":278,"column":73}},{"start":{"line":278,"column":14},"end":{"line":278,"column":73}}],"line":278},"106":{"loc":{"start":{"line":280,"column":19},"end":{"line":280,"column":62}},"type":"if","locations":[{"start":{"line":280,"column":19},"end":{"line":280,"column":62}},{"start":{"line":280,"column":19},"end":{"line":280,"column":62}}],"line":280},"107":{"loc":{"start":{"line":280,"column":23},"end":{"line":280,"column":41}},"type":"binary-expr","locations":[{"start":{"line":280,"column":23},"end":{"line":280,"column":30}},{"start":{"line":280,"column":34},"end":{"line":280,"column":41}}],"line":280},"108":{"loc":{"start":{"line":283,"column":8},"end":{"line":283,"column":75}},"type":"binary-expr","locations":[{"start":{"line":283,"column":8},"end":{"line":283,"column":33}},{"start":{"line":283,"column":38},"end":{"line":283,"column":74}}],"line":283},"109":{"loc":{"start":{"line":284,"column":8},"end":{"line":284,"column":46}},"type":"binary-expr","locations":[{"start":{"line":284,"column":8},"end":{"line":284,"column":9}},{"start":{"line":284,"column":14},"end":{"line":284,"column":45}}],"line":284},"110":{"loc":{"start":{"line":286,"column":13},"end":{"line":286,"column":41}},"type":"cond-expr","locations":[{"start":{"line":286,"column":35},"end":{"line":286,"column":36}},{"start":{"line":286,"column":39},"end":{"line":286,"column":41}}],"line":286},"111":{"loc":{"start":{"line":291,"column":6},"end":{"line":306,"column":65}},"type":"if","locations":[{"start":{"line":291,"column":6},"end":{"line":306,"column":65}},{"start":{"line":291,"column":6},"end":{"line":306,"column":65}}],"line":291},"112":{"loc":{"start":{"line":291,"column":30},"end":{"line":291,"column":71}},"type":"binary-expr","locations":[{"start":{"line":291,"column":30},"end":{"line":291,"column":31}},{"start":{"line":291,"column":36},"end":{"line":291,"column":70}}],"line":291},"113":{"loc":{"start":{"line":292,"column":25},"end":{"line":292,"column":31}},"type":"binary-expr","locations":[{"start":{"line":292,"column":25},"end":{"line":292,"column":26}},{"start":{"line":292,"column":30},"end":{"line":292,"column":31}}],"line":292},"114":{"loc":{"start":{"line":293,"column":16},"end":{"line":293,"column":61}},"type":"cond-expr","locations":[{"start":{"line":293,"column":33},"end":{"line":293,"column":57}},{"start":{"line":293,"column":60},"end":{"line":293,"column":61}}],"line":293},"115":{"loc":{"start":{"line":293,"column":16},"end":{"line":293,"column":30}},"type":"binary-expr","locations":[{"start":{"line":293,"column":16},"end":{"line":293,"column":17}},{"start":{"line":293,"column":21},"end":{"line":293,"column":30}}],"line":293},"116":{"loc":{"start":{"line":295,"column":11},"end":{"line":306,"column":65}},"type":"if","locations":[{"start":{"line":295,"column":11},"end":{"line":306,"column":65}},{"start":{"line":295,"column":11},"end":{"line":306,"column":65}}],"line":295},"117":{"loc":{"start":{"line":295,"column":15},"end":{"line":295,"column":52}},"type":"binary-expr","locations":[{"start":{"line":295,"column":15},"end":{"line":295,"column":22}},{"start":{"line":295,"column":26},"end":{"line":295,"column":47}},{"start":{"line":295,"column":51},"end":{"line":295,"column":52}}],"line":295},"118":{"loc":{"start":{"line":296,"column":18},"end":{"line":296,"column":28}},"type":"cond-expr","locations":[{"start":{"line":296,"column":22},"end":{"line":296,"column":23}},{"start":{"line":296,"column":26},"end":{"line":296,"column":28}}],"line":296},"119":{"loc":{"start":{"line":297,"column":8},"end":{"line":297,"column":85}},"type":"cond-expr","locations":[{"start":{"line":297,"column":23},"end":{"line":297,"column":29}},{"start":{"line":297,"column":33},"end":{"line":297,"column":85}}],"line":297},"120":{"loc":{"start":{"line":297,"column":33},"end":{"line":297,"column":85}},"type":"binary-expr","locations":[{"start":{"line":297,"column":33},"end":{"line":297,"column":56}},{"start":{"line":297,"column":61},"end":{"line":297,"column":84}}],"line":297},"121":{"loc":{"start":{"line":299,"column":8},"end":{"line":306,"column":64}},"type":"cond-expr","locations":[{"start":{"line":300,"column":13},"end":{"line":300,"column":71}},{"start":{"line":301,"column":12},"end":{"line":306,"column":64}}],"line":299},"122":{"loc":{"start":{"line":299,"column":8},"end":{"line":299,"column":48}},"type":"binary-expr","locations":[{"start":{"line":299,"column":8},"end":{"line":299,"column":17}},{"start":{"line":299,"column":21},"end":{"line":299,"column":48}}],"line":299},"123":{"loc":{"start":{"line":300,"column":19},"end":{"line":300,"column":60}},"type":"cond-expr","locations":[{"start":{"line":300,"column":23},"end":{"line":300,"column":49}},{"start":{"line":300,"column":52},"end":{"line":300,"column":60}}],"line":300},"124":{"loc":{"start":{"line":301,"column":12},"end":{"line":306,"column":64}},"type":"cond-expr","locations":[{"start":{"line":303,"column":13},"end":{"line":305,"column":24}},{"start":{"line":306,"column":13},"end":{"line":306,"column":63}}],"line":301},"125":{"loc":{"start":{"line":301,"column":12},"end":{"line":302,"column":74}},"type":"binary-expr","locations":[{"start":{"line":301,"column":13},"end":{"line":301,"column":37}},{"start":{"line":301,"column":41},"end":{"line":301,"column":65}},{"start":{"line":302,"column":13},"end":{"line":302,"column":41}},{"start":{"line":302,"column":45},"end":{"line":302,"column":73}}],"line":301},"126":{"loc":{"start":{"line":303,"column":18},"end":{"line":303,"column":73}},"type":"binary-expr","locations":[{"start":{"line":303,"column":18},"end":{"line":303,"column":68}},{"start":{"line":303,"column":72},"end":{"line":303,"column":73}}],"line":303},"127":{"loc":{"start":{"line":303,"column":19},"end":{"line":303,"column":60}},"type":"binary-expr","locations":[{"start":{"line":303,"column":19},"end":{"line":303,"column":54}},{"start":{"line":303,"column":58},"end":{"line":303,"column":60}}],"line":303},"128":{"loc":{"start":{"line":303,"column":20},"end":{"line":303,"column":50}},"type":"binary-expr","locations":[{"start":{"line":303,"column":20},"end":{"line":303,"column":44}},{"start":{"line":303,"column":48},"end":{"line":303,"column":50}}],"line":303},"129":{"loc":{"start":{"line":304,"column":18},"end":{"line":304,"column":89}},"type":"cond-expr","locations":[{"start":{"line":304,"column":35},"end":{"line":304,"column":72}},{"start":{"line":304,"column":75},"end":{"line":304,"column":89}}],"line":304},"130":{"loc":{"start":{"line":304,"column":18},"end":{"line":304,"column":32}},"type":"binary-expr","locations":[{"start":{"line":304,"column":18},"end":{"line":304,"column":19}},{"start":{"line":304,"column":23},"end":{"line":304,"column":32}}],"line":304},"131":{"loc":{"start":{"line":306,"column":18},"end":{"line":306,"column":63}},"type":"cond-expr","locations":[{"start":{"line":306,"column":35},"end":{"line":306,"column":59}},{"start":{"line":306,"column":62},"end":{"line":306,"column":63}}],"line":306},"132":{"loc":{"start":{"line":306,"column":18},"end":{"line":306,"column":32}},"type":"binary-expr","locations":[{"start":{"line":306,"column":18},"end":{"line":306,"column":19}},{"start":{"line":306,"column":23},"end":{"line":306,"column":32}}],"line":306},"133":{"loc":{"start":{"line":307,"column":24},"end":{"line":307,"column":34}},"type":"cond-expr","locations":[{"start":{"line":307,"column":28},"end":{"line":307,"column":29}},{"start":{"line":307,"column":32},"end":{"line":307,"column":34}}],"line":307},"134":{"loc":{"start":{"line":307,"column":38},"end":{"line":307,"column":62}},"type":"binary-expr","locations":[{"start":{"line":307,"column":38},"end":{"line":307,"column":39}},{"start":{"line":307,"column":43},"end":{"line":307,"column":62}}],"line":307},"135":{"loc":{"start":{"line":315,"column":4},"end":{"line":326,"column":5}},"type":"if","locations":[{"start":{"line":315,"column":4},"end":{"line":326,"column":5}},{"start":{"line":315,"column":4},"end":{"line":326,"column":5}}],"line":315},"136":{"loc":{"start":{"line":315,"column":8},"end":{"line":315,"column":33}},"type":"binary-expr","locations":[{"start":{"line":315,"column":8},"end":{"line":315,"column":24}},{"start":{"line":315,"column":28},"end":{"line":315,"column":33}}],"line":315},"137":{"loc":{"start":{"line":318,"column":10},"end":{"line":324,"column":26}},"type":"binary-expr","locations":[{"start":{"line":318,"column":11},"end":{"line":318,"column":27}},{"start":{"line":318,"column":31},"end":{"line":318,"column":55}},{"start":{"line":319,"column":13},"end":{"line":324,"column":25}}],"line":318},"138":{"loc":{"start":{"line":319,"column":13},"end":{"line":322,"column":83}},"type":"binary-expr","locations":[{"start":{"line":319,"column":13},"end":{"line":319,"column":14}},{"start":{"line":320,"column":14},"end":{"line":320,"column":30}},{"start":{"line":321,"column":14},"end":{"line":321,"column":39}},{"start":{"line":322,"column":15},"end":{"line":322,"column":82}}],"line":319},"139":{"loc":{"start":{"line":339,"column":8},"end":{"line":339,"column":37}},"type":"binary-expr","locations":[{"start":{"line":339,"column":8},"end":{"line":339,"column":20}},{"start":{"line":339,"column":24},"end":{"line":339,"column":37}}],"line":339},"140":{"loc":{"start":{"line":340,"column":27},"end":{"line":340,"column":41}},"type":"binary-expr","locations":[{"start":{"line":340,"column":27},"end":{"line":340,"column":28}},{"start":{"line":340,"column":32},"end":{"line":340,"column":41}}],"line":340},"141":{"loc":{"start":{"line":347,"column":16},"end":{"line":347,"column":55}},"type":"cond-expr","locations":[{"start":{"line":347,"column":24},"end":{"line":347,"column":29}},{"start":{"line":347,"column":32},"end":{"line":347,"column":55}}],"line":347},"142":{"loc":{"start":{"line":347,"column":32},"end":{"line":347,"column":55}},"type":"cond-expr","locations":[{"start":{"line":347,"column":41},"end":{"line":347,"column":47}},{"start":{"line":347,"column":50},"end":{"line":347,"column":55}}],"line":347},"143":{"loc":{"start":{"line":369,"column":8},"end":{"line":369,"column":62}},"type":"if","locations":[{"start":{"line":369,"column":8},"end":{"line":369,"column":62}},{"start":{"line":369,"column":8},"end":{"line":369,"column":62}}],"line":369},"144":{"loc":{"start":{"line":386,"column":4},"end":{"line":389,"column":10}},"type":"binary-expr","locations":[{"start":{"line":386,"column":4},"end":{"line":386,"column":5}},{"start":{"line":387,"column":6},"end":{"line":389,"column":10}}],"line":386},"145":{"loc":{"start":{"line":395,"column":19},"end":{"line":395,"column":26}},"type":"binary-expr","locations":[{"start":{"line":395,"column":19},"end":{"line":395,"column":20}},{"start":{"line":395,"column":24},"end":{"line":395,"column":26}}],"line":395},"146":{"loc":{"start":{"line":399,"column":2},"end":{"line":403,"column":3}},"type":"if","locations":[{"start":{"line":399,"column":2},"end":{"line":403,"column":3}},{"start":{"line":399,"column":2},"end":{"line":403,"column":3}}],"line":399},"147":{"loc":{"start":{"line":399,"column":6},"end":{"line":399,"column":51}},"type":"binary-expr","locations":[{"start":{"line":399,"column":6},"end":{"line":399,"column":35}},{"start":{"line":399,"column":39},"end":{"line":399,"column":51}}],"line":399}},"s":{"0":0,"1":0,"2":0,"3":0,"4":0,"5":0,"6":0,"7":0,"8":0,"9":0,"10":0,"11":0,"12":0,"13":0,"14":0,"15":0,"16":0,"17":0,"18":0,"19":0,"20":0,"21":0,"22":0,"23":0,"24":0,"25":0,"26":0,"27":0,"28":0,"29":0,"30":0,"31":0,"32":0,"33":0,"34":0,"35":0,"36":0,"37":0,"38":0,"39":0,"40":0,"41":0,"42":0,"43":0,"44":0,"45":0,"46":0,"47":0,"48":0,"49":0,"50":0,"51":0,"52":0,"53":0,"54":0,"55":0,"56":0,"57":0,"58":0,"59":0,"60":0,"61":0,"62":0,"63":0,"64":0,"65":0,"66":0,"67":0,"68":0,"69":0,"70":0,"71":0,"72":0,"73":0,"74":0,"75":0,"76":0,"77":0,"78":0,"79":0,"80":0,"81":0,"82":0,"83":0,"84":0,"85":0,"86":0,"87":0,"88":0,"89":0,"90":0,"91":0,"92":0,"93":0,"94":0,"95":0,"96":0,"97":0,"98":0,"99":0,"100":0,"101":0,"102":0,"103":0,"104":0,"105":0,"106":0,"107":0,"108":0,"109":0,"110":0,"111":0,"112":0,"113":0,"114":0,"115":0,"116":0,"117":0,"118":0,"119":0,"120":0,"121":0,"122":0,"123":0,"124":0,"125":0,"126":0,"127":0,"128":0,"129":0,"130":0,"131":0,"132":0,"133":0,"134":0,"135":0,"136":0,"137":0,"138":0,"139":0,"140":0},"f":{"0":0,"1":0,"2":0,"3":0,"4":0,"5":0,"6":0,"7":0,"8":0,"9":0,"10":0,"11":0,"12":0,"13":0,"14":0,"15":0,"16":0,"17":0,"18":0,"19":0,"20":0,"21":0,"22":0},"b":{"0":[0,0],"1":[0,0],"2":[0,0],"3":[0,0],"4":[0,0],"5":[0,0],"6":[0,0],"7":[0,0],"8":[0,0,0],"9":[0,0],"10":[0,0,0],"11":[0,0],"12":[0,0],"13":[0,0],"14":[0,0],"15":[0,0],"16":[0,0],"17":[0,0],"18":[0,0],"19":[0,0,0],"20":[0,0,0],"21":[0,0],"22":[0,0],"23":[0,0],"24":[0,0],"25":[0,0],"26":[0,0],"27":[0,0,0],"28":[0,0],"29":[0,0],"30":[0,0],"31":[0,0],"32":[0,0],"33":[0,0],"34":[0,0],"35":[0,0,0],"36":[0,0],"37":[0,0],"38":[0,0],"39":[0,0],"40":[0,0],"41":[0,0],"42":[0,0,0,0,0],"43":[0,0,0,0,0,0],"44":[0,0],"45":[0,0],"46":[0,0,0,0,0,0,0,0,0,0],"47":[0,0],"48":[0,0,0,0,0],"49":[0,0],"50":[0,0],"51":[0,0],"52":[0,0,0],"53":[0,0],"54":[0,0],"55":[0,0,0],"56":[0,0],"57":[0,0,0],"58":[0,0,0,0],"59":[0,0],"60":[0,0],"61":[0,0],"62":[0,0],"63":[0,0],"64":[0,0],"65":[0,0],"66":[0,0],"67":[0,0,0],"68":[0,0,0],"69":[0,0],"70":[0,0],"71":[0,0],"72":[0,0],"73":[0,0],"74":[0,0],"75":[0,0],"76":[0,0],"77":[0,0,0,0],"78":[0,0],"79":[0,0],"80":[0,0],"81":[0,0],"82":[0,0,0],"83":[0,0],"84":[0,0],"85":[0,0],"86":[0,0],"87":[0,0,0],"88":[0,0],"89":[0,0],"90":[0,0],"91":[0,0],"92":[0,0],"93":[0,0],"94":[0,0],"95":[0,0],"96":[0,0],"97":[0,0,0],"98":[0,0],"99":[0,0],"100":[0,0],"101":[0,0],"102":[0,0],"103":[0,0],"104":[0,0,0],"105":[0,0],"106":[0,0],"107":[0,0],"108":[0,0],"109":[0,0],"110":[0,0],"111":[0,0],"112":[0,0],"113":[0,0],"114":[0,0],"115":[0,0],"116":[0,0],"117":[0,0,0],"118":[0,0],"119":[0,0],"120":[0,0],"121":[0,0],"122":[0,0],"123":[0,0],"124":[0,0],"125":[0,0,0,0],"126":[0,0],"127":[0,0],"128":[0,0],"129":[0,0],"130":[0,0],"131":[0,0],"132":[0,0],"133":[0,0],"134":[0,0],"135":[0,0],"136":[0,0],"137":[0,0,0],"138":[0,0,0,0],"139":[0,0],"140":[0,0],"141":[0,0],"142":[0,0],"143":[0,0],"144":[0,0],"145":[0,0],"146":[0,0],"147":[0,0]},"hash":"eeb13d65243e5635c3b910296dbee606cca84d17"}}}}